#
# There is insufficient memory for the Java Runtime Environment to continue.
# Native memory allocation (malloc) failed to allocate 2228656 bytes for Chunk::new
# Possible reasons:
#   The system is out of physical RAM or swap space
#   The process is running with CompressedOops enabled, and the Java Heap may be blocking the growth of the native heap
# Possible solutions:
#   Reduce memory load on the system
#   Increase physical memory or swap space
#   Check if swap backing store is full
#   Decrease Java heap size (-Xmx/-Xms)
#   Decrease number of Java threads
#   Decrease Java thread stack sizes (-Xss)
#   Set larger code cache with -XX:ReservedCodeCacheSize=
#   JVM is running with Unscaled Compressed Oops mode in which the Java heap is
#     placed in the first 4GB address space. The Java Heap base address is the
#     maximum limit for the native heap growth. Please use -XX:HeapBaseMinAddress
#     to set the Java Heap base and to place the Java Heap above 4GB virtual address.
# This output file may be truncated or incomplete.
#
#  Out of Memory Error (./src/hotspot/share/memory/arena.cpp:197), pid=6584, tid=14500
#
# JRE version: OpenJDK Runtime Environment (11.0.10) (build 11.0.10+0-b96-7249189)
# Java VM: OpenJDK 64-Bit Server VM (11.0.10+0-b96-7249189, mixed mode, tiered, compressed oops, g1 gc, windows-amd64)
# No core dump will be written. Minidumps are not enabled by default on client versions of Windows
#

---------------  S U M M A R Y ------------

Command Line: --add-opens=java.base/java.util=ALL-UNNAMED --add-opens=java.base/java.lang=ALL-UNNAMED --add-opens=java.base/java.lang.invoke=ALL-UNNAMED --add-opens=java.base/java.util=ALL-UNNAMED --add-opens=java.prefs/java.util.prefs=ALL-UNNAMED --add-opens=java.prefs/java.util.prefs=ALL-UNNAMED --add-opens=java.base/java.nio.charset=ALL-UNNAMED --add-opens=java.base/java.net=ALL-UNNAMED --add-opens=java.base/java.util.concurrent.atomic=ALL-UNNAMED -Xmx2048m -Dfile.encoding=UTF-8 -Duser.country=US -Duser.language=en -Duser.variant org.gradle.launcher.daemon.bootstrap.GradleDaemon 7.0.2

Host: Intel(R) Celeron(R) N4020 CPU @ 1.10GHz, 2 cores, 3G,  Windows 10 , 64 bit Build 19041 (10.0.19041.1503)
Time: Sat Apr  2 00:10:52 2022 Haiti Daylight Time elapsed time: 99.774353 seconds (0d 0h 1m 39s)

---------------  T H R E A D  ---------------

Current thread (0x0000013bfca63000):  JavaThread "C2 CompilerThread0" daemon [_thread_in_native, id=14500, stack(0x0000002cada00000,0x0000002cadb00000)]


Current CompileTask:
C2:  99774 12026       4       com.sun.xml.internal.stream.events.XMLEventAllocatorImpl::getXMLEvent (634 bytes)

Stack: [0x0000002cada00000,0x0000002cadb00000]
Native frames: (J=compiled Java code, j=interpreted, Vv=VM code, C=native code)
V  [jvm.dll+0x5ecfaa]
V  [jvm.dll+0x722bd5]
V  [jvm.dll+0x72412d]
V  [jvm.dll+0x7247e3]
V  [jvm.dll+0x242928]
V  [jvm.dll+0xbc4fc]
V  [jvm.dll+0xbca0c]
V  [jvm.dll+0x352d7d]
V  [jvm.dll+0x320ad3]
V  [jvm.dll+0x31ffca]
V  [jvm.dll+0x1fb602]
V  [jvm.dll+0x1fa7f4]
V  [jvm.dll+0x18354c]
V  [jvm.dll+0x208ee7]
V  [jvm.dll+0x207731]
V  [jvm.dll+0x6eb1cf]
V  [jvm.dll+0x6e3d45]
V  [jvm.dll+0x5ebe96]
C  [ucrtbase.dll+0x21bb2]
C  [KERNEL32.DLL+0x17034]
C  [ntdll.dll+0x52651]


---------------  P R O C E S S  ---------------

Threads class SMR info:
_java_thread_list=0x0000013b92ef1680, length=42, elements={
0x0000013bf219e800, 0x0000013bfc9fd000, 0x0000013bfca02800, 0x0000013bfca5e800,
0x0000013bfca60000, 0x0000013bfca62000, 0x0000013bfca63000, 0x0000013bfca69800,
0x0000013bfca81000, 0x0000013bfd3cc000, 0x0000013bfd788800, 0x0000013bfeb62000,
0x0000013bfe87d800, 0x0000013bfe9b8000, 0x0000013bfe9b9000, 0x0000013bfe699800,
0x0000013bfe779000, 0x0000013bfe45b000, 0x0000013bfe9a9000, 0x0000013bfe9aa000,
0x0000013bfe9a4800, 0x0000013bfe9a7000, 0x0000013bfe9ab000, 0x0000013bfe9a6000,
0x0000013bfe9a7800, 0x0000013bfe9a8800, 0x0000013b8f9ad000, 0x0000013b8f9ac000,
0x0000013b8f9a9800, 0x0000013b8f9aa800, 0x0000013b8f9ad800, 0x0000013b8f9ab000,
0x0000013b8f9a8800, 0x0000013b8f9b0000, 0x0000013b8f9b1000, 0x0000013b8f9b1800,
0x0000013b8f9b5000, 0x0000013b8f9b4000, 0x0000013b8f9af800, 0x0000013b8f9b6000,
0x0000013b8f2c1800, 0x0000013b8f2c1000
}

Java Threads: ( => current thread )
  0x0000013bf219e800 JavaThread "main" [_thread_blocked, id=2540, stack(0x0000002cace00000,0x0000002cacf00000)]
  0x0000013bfc9fd000 JavaThread "Reference Handler" daemon [_thread_blocked, id=11632, stack(0x0000002cad500000,0x0000002cad600000)]
  0x0000013bfca02800 JavaThread "Finalizer" daemon [_thread_blocked, id=13384, stack(0x0000002cad600000,0x0000002cad700000)]
  0x0000013bfca5e800 JavaThread "Signal Dispatcher" daemon [_thread_blocked, id=2564, stack(0x0000002cad700000,0x0000002cad800000)]
  0x0000013bfca60000 JavaThread "Attach Listener" daemon [_thread_blocked, id=14504, stack(0x0000002cad800000,0x0000002cad900000)]
  0x0000013bfca62000 JavaThread "Service Thread" daemon [_thread_blocked, id=14440, stack(0x0000002cad900000,0x0000002cada00000)]
=>0x0000013bfca63000 JavaThread "C2 CompilerThread0" daemon [_thread_in_native, id=14500, stack(0x0000002cada00000,0x0000002cadb00000)]
  0x0000013bfca69800 JavaThread "C1 CompilerThread0" daemon [_thread_blocked, id=6876, stack(0x0000002cadb00000,0x0000002cadc00000)]
  0x0000013bfca81000 JavaThread "Sweeper thread" daemon [_thread_blocked, id=1500, stack(0x0000002cadc00000,0x0000002cadd00000)]
  0x0000013bfd3cc000 JavaThread "Common-Cleaner" daemon [_thread_blocked, id=1244, stack(0x0000002cadd00000,0x0000002cade00000)]
  0x0000013bfd788800 JavaThread "Daemon health stats" [_thread_blocked, id=724, stack(0x0000002cae000000,0x0000002cae100000)]
  0x0000013bfeb62000 JavaThread "Incoming local TCP Connector on port 62387" [_thread_in_native, id=14604, stack(0x0000002cae100000,0x0000002cae200000)]
  0x0000013bfe87d800 JavaThread "Daemon periodic checks" [_thread_blocked, id=6992, stack(0x0000002cae200000,0x0000002cae300000)]
  0x0000013bfe9b8000 JavaThread "Daemon" [_thread_blocked, id=12936, stack(0x0000002cae300000,0x0000002cae400000)]
  0x0000013bfe9b9000 JavaThread "Handler for socket connection from /127.0.0.1:62387 to /127.0.0.1:62388" [_thread_in_native, id=224, stack(0x0000002cae400000,0x0000002cae500000)]
  0x0000013bfe699800 JavaThread "Cancel handler" [_thread_blocked, id=8780, stack(0x0000002cae500000,0x0000002cae600000)]
  0x0000013bfe779000 JavaThread "Daemon worker" [_thread_blocked, id=2908, stack(0x0000002cae600000,0x0000002cae700000)]
  0x0000013bfe45b000 JavaThread "Asynchronous log dispatcher for DefaultDaemonConnection: socket connection from /127.0.0.1:62387 to /127.0.0.1:62388" [_thread_blocked, id=9008, stack(0x0000002cae700000,0x0000002cae800000)]
  0x0000013bfe9a9000 JavaThread "Daemon client event forwarder" [_thread_blocked, id=14096, stack(0x0000002cae900000,0x0000002caea00000)]
  0x0000013bfe9aa000 JavaThread "Cache worker for file hash cache (C:\Users\sander kerby\.gradle\caches\7.0.2\fileHashes)" [_thread_blocked, id=15196, stack(0x0000002caea00000,0x0000002caeb00000)]
  0x0000013bfe9a4800 JavaThread "File lock request listener" [_thread_in_native, id=9324, stack(0x0000002caeb00000,0x0000002caec00000)]
  0x0000013bfe9a7000 JavaThread "Cache worker for journal cache (C:\Users\sander kerby\.gradle\caches\journal-1)" [_thread_blocked, id=12644, stack(0x0000002caec00000,0x0000002caed00000)]
  0x0000013bfe9ab000 JavaThread "Cache worker for file hash cache (C:\Users\sander kerby\AndroidStudioProjects\Paniermobil\.gradle\7.0.2\fileHashes)" [_thread_blocked, id=680, stack(0x0000002caed00000,0x0000002caee00000)]
  0x0000013bfe9a6000 JavaThread "File watcher server" daemon [_thread_in_native, id=5980, stack(0x0000002caee00000,0x0000002caef00000)]
  0x0000013bfe9a7800 JavaThread "File watcher consumer" daemon [_thread_blocked, id=608, stack(0x0000002caef00000,0x0000002caf000000)]
  0x0000013bfe9a8800 JavaThread "Cache worker for checksums cache (C:\Users\sander kerby\AndroidStudioProjects\Paniermobil\.gradle\checksums)" [_thread_blocked, id=4196, stack(0x0000002caf000000,0x0000002caf100000)]
  0x0000013b8f9ad000 JavaThread "Cache worker for cache directory md-supplier (C:\Users\sander kerby\.gradle\caches\7.0.2\md-supplier)" [_thread_blocked, id=14760, stack(0x0000002caf100000,0x0000002caf200000)]
  0x0000013b8f9ac000 JavaThread "Cache worker for cache directory md-rule (C:\Users\sander kerby\.gradle\caches\7.0.2\md-rule)" [_thread_blocked, id=13596, stack(0x0000002caf200000,0x0000002caf300000)]
  0x0000013b8f9a9800 JavaThread "Cache worker for execution history cache (C:\Users\sander kerby\.gradle\caches\7.0.2\executionHistory)" [_thread_blocked, id=1932, stack(0x0000002caf300000,0x0000002caf400000)]
  0x0000013b8f9aa800 JavaThread "jar transforms" [_thread_blocked, id=3548, stack(0x0000002caf400000,0x0000002caf500000)]
  0x0000013b8f9ad800 JavaThread "jar transforms Thread 2" [_thread_blocked, id=14640, stack(0x0000002caf500000,0x0000002caf600000)]
  0x0000013b8f9ab000 JavaThread "Cache worker for file content cache (C:\Users\sander kerby\.gradle\caches\7.0.2\fileContent)" [_thread_blocked, id=14208, stack(0x0000002caf600000,0x0000002caf700000)]
  0x0000013b8f9a8800 JavaThread "Cache worker for dependencies-accessors (C:\Users\sander kerby\AndroidStudioProjects\Paniermobil\.gradle\7.0.2\dependencies-accessors)" [_thread_blocked, id=11056, stack(0x0000002caf700000,0x0000002caf800000)]
  0x0000013b8f9b0000 JavaThread "Cache worker for Build Output Cleanup Cache (C:\Users\sander kerby\AndroidStudioProjects\Paniermobil\.gradle\buildOutputCleanup)" [_thread_blocked, id=14428, stack(0x0000002caf800000,0x0000002caf900000)]
  0x0000013b8f9b1000 JavaThread "Build operations" [_thread_blocked, id=12664, stack(0x0000002caf900000,0x0000002cafa00000)]
  0x0000013b8f9b1800 JavaThread "Build operations Thread 2" [_thread_blocked, id=1584, stack(0x0000002cafa00000,0x0000002cafb00000)]
  0x0000013b8f9b5000 JavaThread "Memory manager" [_thread_blocked, id=14288, stack(0x0000002cafb00000,0x0000002cafc00000)]
  0x0000013b8f9b4000 JavaThread "build event listener" [_thread_blocked, id=11500, stack(0x0000002cafe00000,0x0000002caff00000)]
  0x0000013b8f9af800 JavaThread "Execution worker for ':'" [_thread_blocked, id=13152, stack(0x0000002caff00000,0x0000002cb0000000)]
  0x0000013b8f9b6000 JavaThread "Cache worker for execution history cache (C:\Users\sander kerby\AndroidStudioProjects\Paniermobil\.gradle\7.0.2\executionHistory)" [_thread_blocked, id=13176, stack(0x0000002cb0000000,0x0000002cb0100000)]
  0x0000013b8f2c1800 JavaThread "WorkerExecutor Queue" [_thread_in_Java, id=14700, stack(0x0000002cacc00000,0x0000002cacd00000)]
  0x0000013b8f2c1000 JavaThread "WorkerExecutor Queue Thread 2" [_thread_in_Java, id=13328, stack(0x0000002cacd00000,0x0000002cace00000)]

Other Threads:
  0x0000013bf227d800 VMThread "VM Thread" [stack: 0x0000002cad400000,0x0000002cad500000] [id=3660]
  0x0000013bfd412800 WatcherThread [stack: 0x0000002cade00000,0x0000002cadf00000] [id=11148]
  0x0000013bf21b4800 GCTaskThread "GC Thread#0" [stack: 0x0000002cacf00000,0x0000002cad000000] [id=8460]
  0x0000013bfd4cf800 GCTaskThread "GC Thread#1" [stack: 0x0000002cadf00000,0x0000002cae000000] [id=6304]
  0x0000013bf21e6800 ConcurrentGCThread "G1 Main Marker" [stack: 0x0000002cad000000,0x0000002cad100000] [id=1552]
  0x0000013bf21e7800 ConcurrentGCThread "G1 Conc#0" [stack: 0x0000002cad100000,0x0000002cad200000] [id=14780]
  0x0000013bf2238800 ConcurrentGCThread "G1 Refine#0" [stack: 0x0000002cad200000,0x0000002cad300000] [id=15068]
  0x0000013bf2239800 ConcurrentGCThread "G1 Young RemSet Sampling" [stack: 0x0000002cad300000,0x0000002cad400000] [id=12552]

Threads with active compile tasks:
C2 CompilerThread0  99840 12026       4       com.sun.xml.internal.stream.events.XMLEventAllocatorImpl::getXMLEvent (634 bytes)

VM state:not at safepoint (normal execution)

VM Mutex/Monitor currently owned by a thread: None

Heap address: 0x0000000080000000, size: 2048 MB, Compressed Oops mode: 32-bit
Narrow klass base: 0x0000000000000000, Narrow klass shift: 3
Compressed class space size: 1073741824 Address: 0x0000000100000000

Heap:
 garbage-first heap   total 192512K, used 142518K [0x0000000080000000, 0x0000000100000000)
  region size 1024K, 31 young (31744K), 4 survivors (4096K)
 Metaspace       used 89844K, capacity 92014K, committed 92156K, reserved 1130496K
  class space    used 11311K, capacity 12064K, committed 12160K, reserved 1048576K
Heap Regions: E=young(eden), S=young(survivor), O=old, HS=humongous(starts), HC=humongous(continues), CS=collection set, F=free, A=archive, TAMS=top-at-mark-start (previous, next)
|   0|0x0000000080000000, 0x0000000080100000, 0x0000000080100000|100%| O|  |TAMS 0x0000000080100000, 0x0000000080000000| Untracked 
|   1|0x0000000080100000, 0x0000000080200000, 0x0000000080200000|100%| O|  |TAMS 0x0000000080200000, 0x0000000080100000| Untracked 
|   2|0x0000000080200000, 0x0000000080300000, 0x0000000080300000|100%| O|  |TAMS 0x0000000080300000, 0x0000000080200000| Untracked 
|   3|0x0000000080300000, 0x0000000080400000, 0x0000000080400000|100%| O|  |TAMS 0x0000000080400000, 0x0000000080300000| Untracked 
|   4|0x0000000080400000, 0x0000000080500000, 0x0000000080500000|100%|HS|  |TAMS 0x0000000080500000, 0x0000000080400000| Complete 
|   5|0x0000000080500000, 0x0000000080600000, 0x0000000080600000|100%|HC|  |TAMS 0x0000000080600000, 0x0000000080500000| Complete 
|   6|0x0000000080600000, 0x0000000080700000, 0x0000000080700000|100%|HC|  |TAMS 0x0000000080700000, 0x0000000080600000| Complete 
|   7|0x0000000080700000, 0x0000000080800000, 0x0000000080800000|100%| O|  |TAMS 0x0000000080800000, 0x0000000080700000| Untracked 
|   8|0x0000000080800000, 0x0000000080900000, 0x0000000080900000|100%| O|  |TAMS 0x0000000080900000, 0x0000000080800000| Untracked 
|   9|0x0000000080900000, 0x0000000080a00000, 0x0000000080a00000|100%| O|  |TAMS 0x0000000080a00000, 0x0000000080900000| Untracked 
|  10|0x0000000080a00000, 0x0000000080b00000, 0x0000000080b00000|100%| O|  |TAMS 0x0000000080b00000, 0x0000000080a00000| Untracked 
|  11|0x0000000080b00000, 0x0000000080c00000, 0x0000000080c00000|100%| O|  |TAMS 0x0000000080c00000, 0x0000000080b00000| Untracked 
|  12|0x0000000080c00000, 0x0000000080d00000, 0x0000000080d00000|100%| O|  |TAMS 0x0000000080d00000, 0x0000000080c00000| Untracked 
|  13|0x0000000080d00000, 0x0000000080e00000, 0x0000000080e00000|100%| O|  |TAMS 0x0000000080e00000, 0x0000000080d00000| Untracked 
|  14|0x0000000080e00000, 0x0000000080f00000, 0x0000000080f00000|100%| O|  |TAMS 0x0000000080f00000, 0x0000000080e00000| Untracked 
|  15|0x0000000080f00000, 0x0000000081000000, 0x0000000081000000|100%| O|  |TAMS 0x0000000081000000, 0x0000000080f00000| Untracked 
|  16|0x0000000081000000, 0x0000000081100000, 0x0000000081100000|100%| O|  |TAMS 0x0000000081100000, 0x0000000081000000| Untracked 
|  17|0x0000000081100000, 0x0000000081200000, 0x0000000081200000|100%| O|  |TAMS 0x0000000081200000, 0x0000000081100000| Untracked 
|  18|0x0000000081200000, 0x0000000081300000, 0x0000000081300000|100%| O|  |TAMS 0x0000000081300000, 0x0000000081200000| Untracked 
|  19|0x0000000081300000, 0x0000000081400000, 0x0000000081400000|100%| O|  |TAMS 0x0000000081400000, 0x0000000081300000| Untracked 
|  20|0x0000000081400000, 0x0000000081500000, 0x0000000081500000|100%| O|  |TAMS 0x0000000081500000, 0x0000000081400000| Untracked 
|  21|0x0000000081500000, 0x0000000081600000, 0x0000000081600000|100%| O|  |TAMS 0x0000000081600000, 0x0000000081500000| Untracked 
|  22|0x0000000081600000, 0x0000000081700000, 0x0000000081700000|100%| O|  |TAMS 0x0000000081700000, 0x0000000081600000| Untracked 
|  23|0x0000000081700000, 0x0000000081800000, 0x0000000081800000|100%| O|  |TAMS 0x0000000081800000, 0x0000000081700000| Untracked 
|  24|0x0000000081800000, 0x0000000081900000, 0x0000000081900000|100%| O|  |TAMS 0x0000000081900000, 0x0000000081800000| Untracked 
|  25|0x0000000081900000, 0x0000000081a00000, 0x0000000081a00000|100%| O|  |TAMS 0x0000000081a00000, 0x0000000081900000| Untracked 
|  26|0x0000000081a00000, 0x0000000081b00000, 0x0000000081b00000|100%| O|  |TAMS 0x0000000081b00000, 0x0000000081a00000| Untracked 
|  27|0x0000000081b00000, 0x0000000081c00000, 0x0000000081c00000|100%| O|  |TAMS 0x0000000081c00000, 0x0000000081b00000| Untracked 
|  28|0x0000000081c00000, 0x0000000081d00000, 0x0000000081d00000|100%| O|  |TAMS 0x0000000081d00000, 0x0000000081c00000| Untracked 
|  29|0x0000000081d00000, 0x0000000081e00000, 0x0000000081e00000|100%| O|  |TAMS 0x0000000081e00000, 0x0000000081d00000| Untracked 
|  30|0x0000000081e00000, 0x0000000081f00000, 0x0000000081f00000|100%| O|  |TAMS 0x0000000081f00000, 0x0000000081e00000| Untracked 
|  31|0x0000000081f00000, 0x0000000082000000, 0x0000000082000000|100%|HS|  |TAMS 0x0000000082000000, 0x0000000081f00000| Complete 
|  32|0x0000000082000000, 0x0000000082100000, 0x0000000082100000|100%| O|  |TAMS 0x0000000082100000, 0x0000000082000000| Untracked 
|  33|0x0000000082100000, 0x0000000082200000, 0x0000000082200000|100%| O|  |TAMS 0x0000000082200000, 0x0000000082100000| Untracked 
|  34|0x0000000082200000, 0x0000000082300000, 0x0000000082300000|100%| O|  |TAMS 0x0000000082300000, 0x0000000082200000| Untracked 
|  35|0x0000000082300000, 0x0000000082400000, 0x0000000082400000|100%|HS|  |TAMS 0x0000000082400000, 0x0000000082300000| Complete 
|  36|0x0000000082400000, 0x0000000082500000, 0x0000000082500000|100%| O|  |TAMS 0x0000000082500000, 0x0000000082400000| Untracked 
|  37|0x0000000082500000, 0x0000000082600000, 0x0000000082600000|100%| O|  |TAMS 0x0000000082600000, 0x0000000082500000| Untracked 
|  38|0x0000000082600000, 0x0000000082700000, 0x0000000082700000|100%|HS|  |TAMS 0x0000000082700000, 0x0000000082600000| Complete 
|  39|0x0000000082700000, 0x0000000082800000, 0x0000000082800000|100%|HC|  |TAMS 0x0000000082800000, 0x0000000082700000| Complete 
|  40|0x0000000082800000, 0x0000000082900000, 0x0000000082900000|100%| O|  |TAMS 0x0000000082900000, 0x0000000082800000| Untracked 
|  41|0x0000000082900000, 0x0000000082a00000, 0x0000000082a00000|100%| O|  |TAMS 0x0000000082a00000, 0x0000000082900000| Untracked 
|  42|0x0000000082a00000, 0x0000000082b00000, 0x0000000082b00000|100%| O|  |TAMS 0x0000000082b00000, 0x0000000082a00000| Untracked 
|  43|0x0000000082b00000, 0x0000000082c00000, 0x0000000082c00000|100%| O|  |TAMS 0x0000000082c00000, 0x0000000082b00000| Untracked 
|  44|0x0000000082c00000, 0x0000000082d00000, 0x0000000082d00000|100%| O|  |TAMS 0x0000000082d00000, 0x0000000082c00000| Untracked 
|  45|0x0000000082d00000, 0x0000000082e00000, 0x0000000082e00000|100%| O|  |TAMS 0x0000000082e00000, 0x0000000082d00000| Untracked 
|  46|0x0000000082e00000, 0x0000000082f00000, 0x0000000082f00000|100%| O|  |TAMS 0x0000000082f00000, 0x0000000082e00000| Untracked 
|  47|0x0000000082f00000, 0x0000000083000000, 0x0000000083000000|100%| O|  |TAMS 0x0000000083000000, 0x0000000082f00000| Untracked 
|  48|0x0000000083000000, 0x0000000083100000, 0x0000000083100000|100%| O|  |TAMS 0x0000000083100000, 0x0000000083000000| Untracked 
|  49|0x0000000083100000, 0x0000000083200000, 0x0000000083200000|100%| O|  |TAMS 0x0000000083200000, 0x0000000083100000| Untracked 
|  50|0x0000000083200000, 0x0000000083300000, 0x0000000083300000|100%| O|  |TAMS 0x0000000083300000, 0x0000000083200000| Untracked 
|  51|0x0000000083300000, 0x0000000083400000, 0x0000000083400000|100%| O|  |TAMS 0x0000000083400000, 0x0000000083300000| Untracked 
|  52|0x0000000083400000, 0x0000000083500000, 0x0000000083500000|100%| O|  |TAMS 0x0000000083500000, 0x0000000083400000| Untracked 
|  53|0x0000000083500000, 0x0000000083600000, 0x0000000083600000|100%| O|  |TAMS 0x0000000083600000, 0x0000000083500000| Untracked 
|  54|0x0000000083600000, 0x0000000083700000, 0x0000000083700000|100%| O|  |TAMS 0x0000000083700000, 0x0000000083600000| Untracked 
|  55|0x0000000083700000, 0x0000000083800000, 0x0000000083800000|100%| O|  |TAMS 0x0000000083800000, 0x0000000083700000| Untracked 
|  56|0x0000000083800000, 0x0000000083900000, 0x0000000083900000|100%| O|  |TAMS 0x0000000083900000, 0x0000000083800000| Untracked 
|  57|0x0000000083900000, 0x0000000083a00000, 0x0000000083a00000|100%| O|  |TAMS 0x0000000083a00000, 0x0000000083900000| Untracked 
|  58|0x0000000083a00000, 0x0000000083b00000, 0x0000000083b00000|100%| O|  |TAMS 0x0000000083b00000, 0x0000000083a00000| Untracked 
|  59|0x0000000083b00000, 0x0000000083c00000, 0x0000000083c00000|100%| O|  |TAMS 0x0000000083c00000, 0x0000000083b00000| Untracked 
|  60|0x0000000083c00000, 0x0000000083d00000, 0x0000000083d00000|100%| O|  |TAMS 0x0000000083d00000, 0x0000000083c00000| Untracked 
|  61|0x0000000083d00000, 0x0000000083e00000, 0x0000000083e00000|100%| O|  |TAMS 0x0000000083e00000, 0x0000000083d00000| Untracked 
|  62|0x0000000083e00000, 0x0000000083f00000, 0x0000000083f00000|100%| O|  |TAMS 0x0000000083f00000, 0x0000000083e00000| Untracked 
|  63|0x0000000083f00000, 0x0000000084000000, 0x0000000084000000|100%| O|  |TAMS 0x0000000084000000, 0x0000000083f00000| Untracked 
|  64|0x0000000084000000, 0x0000000084100000, 0x0000000084100000|100%| O|  |TAMS 0x0000000084100000, 0x0000000084000000| Untracked 
|  65|0x0000000084100000, 0x0000000084200000, 0x0000000084200000|100%| O|  |TAMS 0x0000000084200000, 0x0000000084100000| Untracked 
|  66|0x0000000084200000, 0x0000000084300000, 0x0000000084300000|100%| O|  |TAMS 0x0000000084300000, 0x0000000084200000| Untracked 
|  67|0x0000000084300000, 0x0000000084400000, 0x0000000084400000|100%| O|  |TAMS 0x0000000084400000, 0x0000000084300000| Untracked 
|  68|0x0000000084400000, 0x0000000084500000, 0x0000000084500000|100%| O|  |TAMS 0x0000000084500000, 0x0000000084400000| Untracked 
|  69|0x0000000084500000, 0x0000000084600000, 0x0000000084600000|100%| O|  |TAMS 0x0000000084600000, 0x0000000084500000| Untracked 
|  70|0x0000000084600000, 0x0000000084700000, 0x0000000084700000|100%| O|  |TAMS 0x0000000084700000, 0x0000000084600000| Untracked 
|  71|0x0000000084700000, 0x0000000084800000, 0x0000000084800000|100%| O|  |TAMS 0x0000000084800000, 0x0000000084700000| Untracked 
|  72|0x0000000084800000, 0x0000000084900000, 0x0000000084900000|100%| O|  |TAMS 0x0000000084900000, 0x0000000084800000| Untracked 
|  73|0x0000000084900000, 0x0000000084a00000, 0x0000000084a00000|100%| O|  |TAMS 0x0000000084a00000, 0x0000000084900000| Untracked 
|  74|0x0000000084a00000, 0x0000000084b00000, 0x0000000084b00000|100%| O|  |TAMS 0x0000000084b00000, 0x0000000084a00000| Untracked 
|  75|0x0000000084b00000, 0x0000000084c00000, 0x0000000084c00000|100%| O|  |TAMS 0x0000000084c00000, 0x0000000084b00000| Untracked 
|  76|0x0000000084c00000, 0x0000000084d00000, 0x0000000084d00000|100%| O|  |TAMS 0x0000000084d00000, 0x0000000084c00000| Untracked 
|  77|0x0000000084d00000, 0x0000000084e00000, 0x0000000084e00000|100%| O|  |TAMS 0x0000000084e00000, 0x0000000084d00000| Untracked 
|  78|0x0000000084e00000, 0x0000000084f00000, 0x0000000084f00000|100%| O|  |TAMS 0x0000000084f00000, 0x0000000084e00000| Untracked 
|  79|0x0000000084f00000, 0x0000000085000000, 0x0000000085000000|100%| O|  |TAMS 0x0000000085000000, 0x0000000084f00000| Untracked 
|  80|0x0000000085000000, 0x0000000085100000, 0x0000000085100000|100%| O|  |TAMS 0x0000000085100000, 0x0000000085000000| Untracked 
|  81|0x0000000085100000, 0x0000000085200000, 0x0000000085200000|100%| O|  |TAMS 0x0000000085200000, 0x0000000085100000| Untracked 
|  82|0x0000000085200000, 0x0000000085300000, 0x0000000085300000|100%| O|  |TAMS 0x0000000085300000, 0x0000000085200000| Untracked 
|  83|0x0000000085300000, 0x0000000085400000, 0x0000000085400000|100%| O|  |TAMS 0x0000000085400000, 0x0000000085300000| Untracked 
|  84|0x0000000085400000, 0x0000000085500000, 0x0000000085500000|100%| O|  |TAMS 0x0000000085500000, 0x0000000085400000| Untracked 
|  85|0x0000000085500000, 0x0000000085600000, 0x0000000085600000|100%| O|  |TAMS 0x0000000085600000, 0x0000000085500000| Untracked 
|  86|0x0000000085600000, 0x0000000085700000, 0x0000000085700000|100%| O|  |TAMS 0x0000000085700000, 0x0000000085600000| Untracked 
|  87|0x0000000085700000, 0x0000000085800000, 0x0000000085800000|100%| O|  |TAMS 0x0000000085800000, 0x0000000085700000| Untracked 
|  88|0x0000000085800000, 0x0000000085900000, 0x0000000085900000|100%|HS|  |TAMS 0x0000000085900000, 0x0000000085800000| Complete 
|  89|0x0000000085900000, 0x0000000085a00000, 0x0000000085a00000|100%| O|  |TAMS 0x0000000085a00000, 0x0000000085900000| Untracked 
|  90|0x0000000085a00000, 0x0000000085b00000, 0x0000000085b00000|100%| O|  |TAMS 0x0000000085b00000, 0x0000000085a00000| Untracked 
|  91|0x0000000085b00000, 0x0000000085c00000, 0x0000000085c00000|100%| O|  |TAMS 0x0000000085c00000, 0x0000000085b00000| Untracked 
|  92|0x0000000085c00000, 0x0000000085d00000, 0x0000000085d00000|100%| O|  |TAMS 0x0000000085d00000, 0x0000000085c00000| Untracked 
|  93|0x0000000085d00000, 0x0000000085e00000, 0x0000000085e00000|100%| O|  |TAMS 0x0000000085e00000, 0x0000000085d00000| Untracked 
|  94|0x0000000085e00000, 0x0000000085f00000, 0x0000000085f00000|100%| O|  |TAMS 0x0000000085f00000, 0x0000000085e00000| Untracked 
|  95|0x0000000085f00000, 0x0000000086000000, 0x0000000086000000|100%| O|  |TAMS 0x0000000086000000, 0x0000000085f00000| Untracked 
|  96|0x0000000086000000, 0x0000000086100000, 0x0000000086100000|100%| O|  |TAMS 0x0000000086100000, 0x0000000086000000| Untracked 
|  97|0x0000000086100000, 0x0000000086200000, 0x0000000086200000|100%| O|  |TAMS 0x0000000086200000, 0x0000000086100000| Untracked 
|  98|0x0000000086200000, 0x0000000086300000, 0x0000000086300000|100%| O|  |TAMS 0x0000000086300000, 0x0000000086200000| Untracked 
|  99|0x0000000086300000, 0x0000000086400000, 0x0000000086400000|100%| O|  |TAMS 0x0000000086400000, 0x0000000086300000| Untracked 
| 100|0x0000000086400000, 0x0000000086500000, 0x0000000086500000|100%| O|  |TAMS 0x0000000086500000, 0x0000000086400000| Untracked 
| 101|0x0000000086500000, 0x0000000086600000, 0x0000000086600000|100%| O|  |TAMS 0x0000000086600000, 0x0000000086500000| Untracked 
| 102|0x0000000086600000, 0x0000000086700000, 0x0000000086700000|100%| O|  |TAMS 0x0000000086700000, 0x0000000086600000| Untracked 
| 103|0x0000000086700000, 0x0000000086800000, 0x0000000086800000|100%| O|  |TAMS 0x0000000086800000, 0x0000000086700000| Untracked 
| 104|0x0000000086800000, 0x0000000086900000, 0x0000000086900000|100%| O|  |TAMS 0x0000000086900000, 0x0000000086800000| Untracked 
| 105|0x0000000086900000, 0x0000000086a00000, 0x0000000086a00000|100%| O|  |TAMS 0x0000000086a00000, 0x0000000086900000| Untracked 
| 106|0x0000000086a00000, 0x0000000086a00000, 0x0000000086b00000|  0%| F|  |TAMS 0x0000000086a00000, 0x0000000086a00000| Untracked 
| 107|0x0000000086b00000, 0x0000000086c00000, 0x0000000086c00000|100%| O|  |TAMS 0x0000000086c00000, 0x0000000086b00000| Untracked 
| 108|0x0000000086c00000, 0x0000000086d00000, 0x0000000086d00000|100%| O|  |TAMS 0x0000000086d00000, 0x0000000086c00000| Untracked 
| 109|0x0000000086d00000, 0x0000000086e00000, 0x0000000086e00000|100%| O|  |TAMS 0x0000000086e00000, 0x0000000086d00000| Untracked 
| 110|0x0000000086e00000, 0x0000000086f00000, 0x0000000086f00000|100%| O|  |TAMS 0x0000000086f00000, 0x0000000086e00000| Untracked 
| 111|0x0000000086f00000, 0x0000000086f2da00, 0x0000000087000000| 17%| O|  |TAMS 0x0000000086f1ca00, 0x0000000086f00000| Untracked 
| 112|0x0000000087000000, 0x0000000087000000, 0x0000000087100000|  0%| F|  |TAMS 0x0000000087000000, 0x0000000087000000| Untracked 
| 113|0x0000000087100000, 0x0000000087100000, 0x0000000087200000|  0%| F|  |TAMS 0x0000000087100000, 0x0000000087100000| Untracked 
| 114|0x0000000087200000, 0x0000000087200000, 0x0000000087300000|  0%| F|  |TAMS 0x0000000087200000, 0x0000000087200000| Untracked 
| 115|0x0000000087300000, 0x0000000087300000, 0x0000000087400000|  0%| F|  |TAMS 0x0000000087300000, 0x0000000087300000| Untracked 
| 116|0x0000000087400000, 0x0000000087400000, 0x0000000087500000|  0%| F|  |TAMS 0x0000000087400000, 0x0000000087400000| Untracked 
| 117|0x0000000087500000, 0x0000000087500000, 0x0000000087600000|  0%| F|  |TAMS 0x0000000087500000, 0x0000000087500000| Untracked 
| 118|0x0000000087600000, 0x0000000087600000, 0x0000000087700000|  0%| F|  |TAMS 0x0000000087600000, 0x0000000087600000| Untracked 
| 119|0x0000000087700000, 0x0000000087700000, 0x0000000087800000|  0%| F|  |TAMS 0x0000000087700000, 0x0000000087700000| Untracked 
| 120|0x0000000087800000, 0x0000000087800000, 0x0000000087900000|  0%| F|  |TAMS 0x0000000087800000, 0x0000000087800000| Untracked 
| 121|0x0000000087900000, 0x0000000087900000, 0x0000000087a00000|  0%| F|  |TAMS 0x0000000087900000, 0x0000000087900000| Untracked 
| 122|0x0000000087a00000, 0x0000000087a00000, 0x0000000087b00000|  0%| F|  |TAMS 0x0000000087a00000, 0x0000000087a00000| Untracked 
| 123|0x0000000087b00000, 0x0000000087b00000, 0x0000000087c00000|  0%| F|  |TAMS 0x0000000087b00000, 0x0000000087b00000| Untracked 
| 124|0x0000000087c00000, 0x0000000087c00000, 0x0000000087d00000|  0%| F|  |TAMS 0x0000000087c00000, 0x0000000087c00000| Untracked 
| 125|0x0000000087d00000, 0x0000000087d00000, 0x0000000087e00000|  0%| F|  |TAMS 0x0000000087d00000, 0x0000000087d00000| Untracked 
| 126|0x0000000087e00000, 0x0000000087e00000, 0x0000000087f00000|  0%| F|  |TAMS 0x0000000087e00000, 0x0000000087e00000| Untracked 
| 127|0x0000000087f00000, 0x0000000087f00000, 0x0000000088000000|  0%| F|  |TAMS 0x0000000087f00000, 0x0000000087f00000| Untracked 
| 128|0x0000000088000000, 0x0000000088000000, 0x0000000088100000|  0%| F|  |TAMS 0x0000000088000000, 0x0000000088000000| Untracked 
| 129|0x0000000088100000, 0x0000000088100000, 0x0000000088200000|  0%| F|  |TAMS 0x0000000088100000, 0x0000000088100000| Untracked 
| 130|0x0000000088200000, 0x0000000088200000, 0x0000000088300000|  0%| F|  |TAMS 0x0000000088200000, 0x0000000088200000| Untracked 
| 131|0x0000000088300000, 0x0000000088300000, 0x0000000088400000|  0%| F|  |TAMS 0x0000000088300000, 0x0000000088300000| Untracked 
| 132|0x0000000088400000, 0x0000000088400000, 0x0000000088500000|  0%| F|  |TAMS 0x0000000088400000, 0x0000000088400000| Untracked 
| 133|0x0000000088500000, 0x0000000088500000, 0x0000000088600000|  0%| F|  |TAMS 0x0000000088500000, 0x0000000088500000| Untracked 
| 134|0x0000000088600000, 0x0000000088600000, 0x0000000088700000|  0%| F|  |TAMS 0x0000000088600000, 0x0000000088600000| Untracked 
| 135|0x0000000088700000, 0x0000000088700000, 0x0000000088800000|  0%| F|  |TAMS 0x0000000088700000, 0x0000000088700000| Untracked 
| 136|0x0000000088800000, 0x0000000088800000, 0x0000000088900000|  0%| F|  |TAMS 0x0000000088800000, 0x0000000088800000| Untracked 
| 137|0x0000000088900000, 0x0000000088900000, 0x0000000088a00000|  0%| F|  |TAMS 0x0000000088900000, 0x0000000088900000| Untracked 
| 138|0x0000000088a00000, 0x0000000088a00000, 0x0000000088b00000|  0%| F|  |TAMS 0x0000000088a00000, 0x0000000088a00000| Untracked 
| 139|0x0000000088b00000, 0x0000000088b00000, 0x0000000088c00000|  0%| F|  |TAMS 0x0000000088b00000, 0x0000000088b00000| Untracked 
| 140|0x0000000088c00000, 0x0000000088c00000, 0x0000000088d00000|  0%| F|  |TAMS 0x0000000088c00000, 0x0000000088c00000| Untracked 
| 141|0x0000000088d00000, 0x0000000088d00000, 0x0000000088e00000|  0%| F|  |TAMS 0x0000000088d00000, 0x0000000088d00000| Untracked 
| 142|0x0000000088e00000, 0x0000000088e00000, 0x0000000088f00000|  0%| F|  |TAMS 0x0000000088e00000, 0x0000000088e00000| Untracked 
| 143|0x0000000088f00000, 0x0000000088f00000, 0x0000000089000000|  0%| F|  |TAMS 0x0000000088f00000, 0x0000000088f00000| Untracked 
| 144|0x0000000089000000, 0x0000000089000000, 0x0000000089100000|  0%| F|  |TAMS 0x0000000089000000, 0x0000000089000000| Untracked 
| 145|0x0000000089100000, 0x0000000089100000, 0x0000000089200000|  0%| F|  |TAMS 0x0000000089100000, 0x0000000089100000| Untracked 
| 146|0x0000000089200000, 0x0000000089200000, 0x0000000089300000|  0%| F|  |TAMS 0x0000000089200000, 0x0000000089200000| Untracked 
| 147|0x0000000089300000, 0x0000000089300000, 0x0000000089400000|  0%| F|  |TAMS 0x0000000089300000, 0x0000000089300000| Untracked 
| 148|0x0000000089400000, 0x0000000089400000, 0x0000000089500000|  0%| F|  |TAMS 0x0000000089400000, 0x0000000089400000| Untracked 
| 149|0x0000000089500000, 0x0000000089500000, 0x0000000089600000|  0%| F|  |TAMS 0x0000000089500000, 0x0000000089500000| Untracked 
| 150|0x0000000089600000, 0x0000000089600000, 0x0000000089700000|  0%| F|  |TAMS 0x0000000089600000, 0x0000000089600000| Untracked 
| 151|0x0000000089700000, 0x0000000089700000, 0x0000000089800000|  0%| F|  |TAMS 0x0000000089700000, 0x0000000089700000| Untracked 
| 152|0x0000000089800000, 0x0000000089800000, 0x0000000089900000|  0%| F|  |TAMS 0x0000000089800000, 0x0000000089800000| Untracked 
| 153|0x0000000089900000, 0x0000000089900000, 0x0000000089a00000|  0%| F|  |TAMS 0x0000000089900000, 0x0000000089900000| Untracked 
| 154|0x0000000089a00000, 0x0000000089a00000, 0x0000000089b00000|  0%| F|  |TAMS 0x0000000089a00000, 0x0000000089a00000| Untracked 
| 155|0x0000000089b00000, 0x0000000089b00000, 0x0000000089c00000|  0%| F|  |TAMS 0x0000000089b00000, 0x0000000089b00000| Untracked 
| 156|0x0000000089c00000, 0x0000000089d00000, 0x0000000089d00000|100%| S|CS|TAMS 0x0000000089c00000, 0x0000000089c00000| Complete 
| 157|0x0000000089d00000, 0x0000000089e00000, 0x0000000089e00000|100%| S|CS|TAMS 0x0000000089d00000, 0x0000000089d00000| Complete 
| 158|0x0000000089e00000, 0x0000000089f00000, 0x0000000089f00000|100%| S|CS|TAMS 0x0000000089e00000, 0x0000000089e00000| Complete 
| 159|0x0000000089f00000, 0x000000008a000000, 0x000000008a000000|100%| S|CS|TAMS 0x0000000089f00000, 0x0000000089f00000| Complete 
| 160|0x000000008a000000, 0x000000008a0784e8, 0x000000008a100000| 46%| E|  |TAMS 0x000000008a000000, 0x000000008a000000| Complete 
| 161|0x000000008a100000, 0x000000008a200000, 0x000000008a200000|100%| E|CS|TAMS 0x000000008a100000, 0x000000008a100000| Complete 
| 162|0x000000008a200000, 0x000000008a300000, 0x000000008a300000|100%| E|CS|TAMS 0x000000008a200000, 0x000000008a200000| Complete 
| 163|0x000000008a300000, 0x000000008a400000, 0x000000008a400000|100%| E|CS|TAMS 0x000000008a300000, 0x000000008a300000| Complete 
| 164|0x000000008a400000, 0x000000008a500000, 0x000000008a500000|100%| E|CS|TAMS 0x000000008a400000, 0x000000008a400000| Complete 
| 165|0x000000008a500000, 0x000000008a600000, 0x000000008a600000|100%| E|CS|TAMS 0x000000008a500000, 0x000000008a500000| Complete 
| 166|0x000000008a600000, 0x000000008a700000, 0x000000008a700000|100%| E|CS|TAMS 0x000000008a600000, 0x000000008a600000| Complete 
| 167|0x000000008a700000, 0x000000008a800000, 0x000000008a800000|100%| E|CS|TAMS 0x000000008a700000, 0x000000008a700000| Complete 
| 168|0x000000008a800000, 0x000000008a900000, 0x000000008a900000|100%| E|CS|TAMS 0x000000008a800000, 0x000000008a800000| Complete 
| 169|0x000000008a900000, 0x000000008aa00000, 0x000000008aa00000|100%| E|CS|TAMS 0x000000008a900000, 0x000000008a900000| Complete 
| 170|0x000000008aa00000, 0x000000008ab00000, 0x000000008ab00000|100%| E|CS|TAMS 0x000000008aa00000, 0x000000008aa00000| Complete 
| 171|0x000000008ab00000, 0x000000008ac00000, 0x000000008ac00000|100%| E|CS|TAMS 0x000000008ab00000, 0x000000008ab00000| Complete 
| 172|0x000000008ac00000, 0x000000008ad00000, 0x000000008ad00000|100%| E|CS|TAMS 0x000000008ac00000, 0x000000008ac00000| Complete 
| 173|0x000000008ad00000, 0x000000008ae00000, 0x000000008ae00000|100%| E|CS|TAMS 0x000000008ad00000, 0x000000008ad00000| Complete 
| 174|0x000000008ae00000, 0x000000008af00000, 0x000000008af00000|100%| E|CS|TAMS 0x000000008ae00000, 0x000000008ae00000| Complete 
| 175|0x000000008af00000, 0x000000008b000000, 0x000000008b000000|100%| E|CS|TAMS 0x000000008af00000, 0x000000008af00000| Complete 
| 176|0x000000008b000000, 0x000000008b100000, 0x000000008b100000|100%| E|CS|TAMS 0x000000008b000000, 0x000000008b000000| Complete 
| 177|0x000000008b100000, 0x000000008b200000, 0x000000008b200000|100%| E|CS|TAMS 0x000000008b100000, 0x000000008b100000| Complete 
| 178|0x000000008b200000, 0x000000008b300000, 0x000000008b300000|100%| E|  |TAMS 0x000000008b200000, 0x000000008b200000| Complete 
| 179|0x000000008b300000, 0x000000008b400000, 0x000000008b400000|100%| E|CS|TAMS 0x000000008b300000, 0x000000008b300000| Complete 
| 180|0x000000008b400000, 0x000000008b500000, 0x000000008b500000|100%| E|CS|TAMS 0x000000008b400000, 0x000000008b400000| Complete 
| 181|0x000000008b500000, 0x000000008b600000, 0x000000008b600000|100%| E|CS|TAMS 0x000000008b500000, 0x000000008b500000| Complete 
| 182|0x000000008b600000, 0x000000008b700000, 0x000000008b700000|100%| E|CS|TAMS 0x000000008b600000, 0x000000008b600000| Complete 
| 183|0x000000008b700000, 0x000000008b800000, 0x000000008b800000|100%| E|CS|TAMS 0x000000008b700000, 0x000000008b700000| Complete 
| 184|0x000000008b800000, 0x000000008b900000, 0x000000008b900000|100%| E|CS|TAMS 0x000000008b800000, 0x000000008b800000| Complete 
| 185|0x000000008b900000, 0x000000008ba00000, 0x000000008ba00000|100%| E|CS|TAMS 0x000000008b900000, 0x000000008b900000| Complete 
| 186|0x000000008ba00000, 0x000000008bb00000, 0x000000008bb00000|100%| E|CS|TAMS 0x000000008ba00000, 0x000000008ba00000| Complete 
| 187|0x000000008bb00000, 0x000000008bc00000, 0x000000008bc00000|100%| E|CS|TAMS 0x000000008bb00000, 0x000000008bb00000| Complete 

Card table byte_map: [0x0000013bf6090000,0x0000013bf6490000] _byte_map_base: 0x0000013bf5c90000

Marking Bits (Prev, Next): (CMBitMap*) 0x0000013bf21dd860, (CMBitMap*) 0x0000013bf21dd828
 Prev Bits: [0x0000013bf8890000, 0x0000013bfa890000)
 Next Bits: [0x0000013bf6890000, 0x0000013bf8890000)

Polling page: 0x0000013bf0000000

Metaspace:

Usage:
  Non-class:     78.08 MB capacity,    76.69 MB ( 98%) used,     1.14 MB (  1%) free+waste,   247.00 KB ( <1%) overhead. 
      Class:     11.78 MB capacity,    11.05 MB ( 94%) used,   642.26 KB (  5%) free+waste,   110.00 KB ( <1%) overhead. 
       Both:     89.86 MB capacity,    87.74 MB ( 98%) used,     1.77 MB (  2%) free+waste,   357.00 KB ( <1%) overhead. 

Virtual space:
  Non-class space:       80.00 MB reserved,      78.12 MB ( 98%) committed 
      Class space:        1.00 GB reserved,      11.88 MB (  1%) committed 
             Both:        1.08 GB reserved,      90.00 MB (  8%) committed 

Chunk freelists:
   Non-Class:  46.00 KB
       Class:  0 bytes
        Both:  46.00 KB

MaxMetaspaceSize: 17179869184.00 GB
CompressedClassSpaceSize: 1.00 GB

CodeHeap 'non-profiled nmethods': size=120064Kb used=8000Kb max_used=8000Kb free=112063Kb
 bounds [0x0000013b87ac0000, 0x0000013b882a0000, 0x0000013b8f000000]
CodeHeap 'profiled nmethods': size=120000Kb used=27590Kb max_used=27590Kb free=92409Kb
 bounds [0x0000013b80590000, 0x0000013b82090000, 0x0000013b87ac0000]
CodeHeap 'non-nmethods': size=5696Kb used=2275Kb max_used=2322Kb free=3420Kb
 bounds [0x0000013b80000000, 0x0000013b80270000, 0x0000013b80590000]
 total_blobs=12874 nmethods=11982 adapters=804
 compilation: enabled
              stopped_count=0, restarted_count=0
 full_count=0

Compilation events (20 events):
Event: 99.689 Thread 0x0000013bfca69800 12042       1       com.android.aaptcompiler.Styleable::getEntries (5 bytes)
Event: 99.689 Thread 0x0000013bfca69800 nmethod 12042 0x0000013b8828f490 code [0x0000013b8828f640, 0x0000013b8828f6f8]
Event: 99.691 Thread 0x0000013bfca69800 12044       1       com.sun.xml.internal.stream.events.CommentEvent::getText (5 bytes)
Event: 99.691 Thread 0x0000013bfca69800 nmethod 12044 0x0000013b8828f790 code [0x0000013b8828f940, 0x0000013b8828f9f8]
Event: 99.701 Thread 0x0000013bfca69800 12047       2       kotlin.text.StringsKt__StringsKt::trimStart (74 bytes)
Event: 99.702 Thread 0x0000013bfca69800 nmethod 12047 0x0000013b8206a110 code [0x0000013b8206a380, 0x0000013b8206a838]
Event: 99.708 Thread 0x0000013bfca69800 12048 %     3       com.android.aaptcompiler.android.ResTableConfig$Companion::compareArrays$aaptcompiler @ 31 (92 bytes)
Event: 99.709 Thread 0x0000013bfca69800 nmethod 12048% 0x0000013b8206ab90 code [0x0000013b8206ae60, 0x0000013b8206bab8]
Event: 99.709 Thread 0x0000013bfca69800 12049       3       com.android.aaptcompiler.android.ResTableConfig$Companion::compareArrays$aaptcompiler (92 bytes)
Event: 99.711 Thread 0x0000013bfca69800 nmethod 12049 0x0000013b8206c010 code [0x0000013b8206c2c0, 0x0000013b8206ce78]
Event: 99.714 Thread 0x0000013bfca69800 12050       2       java.util.TreeMap::key (17 bytes)
Event: 99.714 Thread 0x0000013bfca69800 nmethod 12050 0x0000013b8206d390 code [0x0000013b8206d540, 0x0000013b8206d6e8]
Event: 99.716 Thread 0x0000013bfca69800 12051       2       com.android.aaptcompiler.AttributeResource$Symbol::<init> (26 bytes)
Event: 99.716 Thread 0x0000013bfca69800 nmethod 12051 0x0000013b8206d810 code [0x0000013b8206da00, 0x0000013b8206dd18]
Event: 99.727 Thread 0x0000013bfca69800 12052       2       java.util.TreeMap::firstKey (8 bytes)
Event: 99.727 Thread 0x0000013bfca69800 nmethod 12052 0x0000013b8206df10 code [0x0000013b8206e0e0, 0x0000013b8206e308]
Event: 99.728 Thread 0x0000013bfca69800 12053       2       com.android.aaptcompiler.ResourceTable$addResourceWithId$2::invoke (13 bytes)
Event: 99.729 Thread 0x0000013bfca69800 nmethod 12053 0x0000013b8206e490 code [0x0000013b8206e6e0, 0x0000013b8206ebe8]
Event: 99.767 Thread 0x0000013bfca69800 12056       1       com.android.aaptcompiler.AttributeResource::getTypeMask (5 bytes)
Event: 99.768 Thread 0x0000013bfca69800 nmethod 12056 0x0000013b8828fa90 code [0x0000013b8828fc40, 0x0000013b8828fcf8]

GC Heap History (20 events):
Event: 80.530 GC heap before
{Heap before GC invocations=69 (full 0):
 garbage-first heap   total 192512K, used 105462K [0x0000000080000000, 0x0000000100000000)
  region size 1024K, 4 young (4096K), 3 survivors (3072K)
 Metaspace       used 83710K, capacity 85897K, committed 86268K, reserved 1124352K
  class space    used 10735K, capacity 11522K, committed 11648K, reserved 1048576K
}
Event: 80.553 GC heap after
{Heap after GC invocations=70 (full 0):
 garbage-first heap   total 192512K, used 105078K [0x0000000080000000, 0x0000000100000000)
  region size 1024K, 2 young (2048K), 2 survivors (2048K)
 Metaspace       used 83710K, capacity 85897K, committed 86268K, reserved 1124352K
  class space    used 10735K, capacity 11522K, committed 11648K, reserved 1048576K
}
Event: 81.145 GC heap before
{Heap before GC invocations=71 (full 0):
 garbage-first heap   total 192512K, used 107126K [0x0000000080000000, 0x0000000100000000)
  region size 1024K, 3 young (3072K), 2 survivors (2048K)
 Metaspace       used 83710K, capacity 85897K, committed 86268K, reserved 1124352K
  class space    used 10735K, capacity 11522K, committed 11648K, reserved 1048576K
}
Event: 81.163 GC heap after
{Heap after GC invocations=72 (full 0):
 garbage-first heap   total 192512K, used 106159K [0x0000000080000000, 0x0000000100000000)
  region size 1024K, 2 young (2048K), 2 survivors (2048K)
 Metaspace       used 83710K, capacity 85897K, committed 86268K, reserved 1124352K
  class space    used 10735K, capacity 11522K, committed 11648K, reserved 1048576K
}
Event: 85.582 GC heap before
{Heap before GC invocations=73 (full 0):
 garbage-first heap   total 192512K, used 140975K [0x0000000080000000, 0x0000000100000000)
  region size 1024K, 31 young (31744K), 2 survivors (2048K)
 Metaspace       used 84900K, capacity 87097K, committed 87420K, reserved 1124352K
  class space    used 10889K, capacity 11688K, committed 11776K, reserved 1048576K
}
Event: 85.618 GC heap after
{Heap after GC invocations=74 (full 0):
 garbage-first heap   total 192512K, used 107440K [0x0000000080000000, 0x0000000100000000)
  region size 1024K, 4 young (4096K), 4 survivors (4096K)
 Metaspace       used 84900K, capacity 87097K, committed 87420K, reserved 1124352K
  class space    used 10889K, capacity 11688K, committed 11776K, reserved 1048576K
}
Event: 87.461 GC heap before
{Heap before GC invocations=74 (full 0):
 garbage-first heap   total 192512K, used 140208K [0x0000000080000000, 0x0000000100000000)
  region size 1024K, 36 young (36864K), 4 survivors (4096K)
 Metaspace       used 85972K, capacity 88109K, committed 88316K, reserved 1126400K
  class space    used 11005K, capacity 11788K, committed 11904K, reserved 1048576K
}
Event: 87.507 GC heap after
{Heap after GC invocations=75 (full 0):
 garbage-first heap   total 192512K, used 108144K [0x0000000080000000, 0x0000000100000000)
  region size 1024K, 1 young (1024K), 1 survivors (1024K)
 Metaspace       used 85972K, capacity 88109K, committed 88316K, reserved 1126400K
  class space    used 11005K, capacity 11788K, committed 11904K, reserved 1048576K
}
Event: 89.528 GC heap before
{Heap before GC invocations=76 (full 0):
 garbage-first heap   total 192512K, used 142960K [0x0000000080000000, 0x0000000100000000)
  region size 1024K, 35 young (35840K), 1 survivors (1024K)
 Metaspace       used 85980K, capacity 88109K, committed 88316K, reserved 1126400K
  class space    used 11005K, capacity 11788K, committed 11904K, reserved 1048576K
}
Event: 89.534 GC heap after
{Heap after GC invocations=77 (full 0):
 garbage-first heap   total 192512K, used 108145K [0x0000000080000000, 0x0000000100000000)
  region size 1024K, 1 young (1024K), 1 survivors (1024K)
 Metaspace       used 85980K, capacity 88109K, committed 88316K, reserved 1126400K
  class space    used 11005K, capacity 11788K, committed 11904K, reserved 1048576K
}
Event: 90.502 GC heap before
{Heap before GC invocations=77 (full 0):
 garbage-first heap   total 192512K, used 132721K [0x0000000080000000, 0x0000000100000000)
  region size 1024K, 26 young (26624K), 1 survivors (1024K)
 Metaspace       used 86084K, capacity 88243K, committed 88572K, reserved 1126400K
  class space    used 11013K, capacity 11790K, committed 11904K, reserved 1048576K
}
Event: 90.523 GC heap after
{Heap after GC invocations=78 (full 0):
 garbage-first heap   total 192512K, used 113194K [0x0000000080000000, 0x0000000100000000)
  region size 1024K, 5 young (5120K), 5 survivors (5120K)
 Metaspace       used 86084K, capacity 88243K, committed 88572K, reserved 1126400K
  class space    used 11013K, capacity 11790K, committed 11904K, reserved 1048576K
}
Event: 91.190 GC heap before
{Heap before GC invocations=79 (full 0):
 garbage-first heap   total 192512K, used 114218K [0x0000000080000000, 0x0000000100000000)
  region size 1024K, 6 young (6144K), 5 survivors (5120K)
 Metaspace       used 86084K, capacity 88243K, committed 88572K, reserved 1126400K
  class space    used 11013K, capacity 11790K, committed 11904K, reserved 1048576K
}
Event: 91.210 GC heap after
{Heap after GC invocations=80 (full 0):
 garbage-first heap   total 192512K, used 114504K [0x0000000080000000, 0x0000000100000000)
  region size 1024K, 1 young (1024K), 1 survivors (1024K)
 Metaspace       used 86084K, capacity 88243K, committed 88572K, reserved 1126400K
  class space    used 11013K, capacity 11790K, committed 11904K, reserved 1048576K
}
Event: 91.875 GC heap before
{Heap before GC invocations=81 (full 0):
 garbage-first heap   total 192512K, used 116552K [0x0000000080000000, 0x0000000100000000)
  region size 1024K, 2 young (2048K), 1 survivors (1024K)
 Metaspace       used 86084K, capacity 88243K, committed 88572K, reserved 1126400K
  class space    used 11013K, capacity 11790K, committed 11904K, reserved 1048576K
}
Event: 91.880 GC heap after
{Heap after GC invocations=82 (full 0):
 garbage-first heap   total 192512K, used 114893K [0x0000000080000000, 0x0000000100000000)
  region size 1024K, 1 young (1024K), 1 survivors (1024K)
 Metaspace       used 86084K, capacity 88243K, committed 88572K, reserved 1126400K
  class space    used 11013K, capacity 11790K, committed 11904K, reserved 1048576K
}
Event: 92.606 GC heap before
{Heap before GC invocations=83 (full 0):
 garbage-first heap   total 192512K, used 126157K [0x0000000080000000, 0x0000000100000000)
  region size 1024K, 3 young (3072K), 1 survivors (1024K)
 Metaspace       used 86084K, capacity 88243K, committed 88572K, reserved 1126400K
  class space    used 11013K, capacity 11790K, committed 11904K, reserved 1048576K
}
Event: 92.611 GC heap after
{Heap after GC invocations=84 (full 0):
 garbage-first heap   total 192512K, used 120991K [0x0000000080000000, 0x0000000100000000)
  region size 1024K, 1 young (1024K), 1 survivors (1024K)
 Metaspace       used 86084K, capacity 88243K, committed 88572K, reserved 1126400K
  class space    used 11013K, capacity 11790K, committed 11904K, reserved 1048576K
}
Event: 95.086 GC heap before
{Heap before GC invocations=85 (full 0):
 garbage-first heap   total 192512K, used 148639K [0x0000000080000000, 0x0000000100000000)
  region size 1024K, 28 young (28672K), 1 survivors (1024K)
 Metaspace       used 87524K, capacity 89710K, committed 89852K, reserved 1128448K
  class space    used 11111K, capacity 11872K, committed 11904K, reserved 1048576K
}
Event: 95.099 GC heap after
{Heap after GC invocations=86 (full 0):
 garbage-first heap   total 192512K, used 116918K [0x0000000080000000, 0x0000000100000000)
  region size 1024K, 4 young (4096K), 4 survivors (4096K)
 Metaspace       used 87524K, capacity 89710K, committed 89852K, reserved 1128448K
  class space    used 11111K, capacity 11872K, committed 11904K, reserved 1048576K
}

Deoptimization events (20 events):
Event: 99.473 Thread 0x0000013b8f2c1000 DEOPT PACKING pc=0x0000013b82023678 sp=0x0000002cacdfce40
Event: 99.473 Thread 0x0000013b8f2c1000 DEOPT UNPACKING pc=0x0000013b80026abf sp=0x0000002cacdfc368 mode 0
Event: 99.474 Thread 0x0000013b8f2c1000 Uncommon trap: trap_request=0xffffff4d fr.pc=0x0000013b87c38b5c relative=0x000000000000041c
Event: 99.474 Thread 0x0000013b8f2c1000 Uncommon trap: reason=unstable_if action=reinterpret pc=0x0000013b87c38b5c method=java.lang.String.substring(II)Ljava/lang/String; @ 31 c2
Event: 99.474 Thread 0x0000013b8f2c1000 DEOPT PACKING pc=0x0000013b87c38b5c sp=0x0000002cacdfd110
Event: 99.477 Thread 0x0000013bfe87d800 Uncommon trap: trap_request=0xffffffc6 fr.pc=0x0000013b88026f8c relative=0x0000000000000a8c
Event: 99.477 Thread 0x0000013bfe87d800 Uncommon trap: reason=bimorphic_or_optimized_type_check action=maybe_recompile pc=0x0000013b88026f8c method=java.util.HashMap.removeNode(ILjava/lang/Object;Ljava/lang/Object;ZZ)Ljava/util/HashMap$Node; @ 283 c2
Event: 99.477 Thread 0x0000013bfe87d800 DEOPT PACKING pc=0x0000013b88026f8c sp=0x0000002cae2fe1d0
Event: 99.477 Thread 0x0000013bfe87d800 DEOPT UNPACKING pc=0x0000013b80026ca9 sp=0x0000002cae2fe168 mode 2
Event: 99.477 Thread 0x0000013bfe87d800 Uncommon trap: trap_request=0xffffffc6 fr.pc=0x0000013b88026f8c relative=0x0000000000000a8c
Event: 99.477 Thread 0x0000013bfe87d800 Uncommon trap: reason=bimorphic_or_optimized_type_check action=maybe_recompile pc=0x0000013b88026f8c method=java.util.HashMap.removeNode(ILjava/lang/Object;Ljava/lang/Object;ZZ)Ljava/util/HashMap$Node; @ 283 c2
Event: 99.477 Thread 0x0000013bfe87d800 DEOPT PACKING pc=0x0000013b88026f8c sp=0x0000002cae2fe1d0
Event: 99.477 Thread 0x0000013bfe87d800 DEOPT UNPACKING pc=0x0000013b80026ca9 sp=0x0000002cae2fe168 mode 2
Event: 99.607 Thread 0x0000013b8f2c1000 DEOPT UNPACKING pc=0x0000013b80026ca9 sp=0x0000002cacdfd058 mode 2
Event: 99.608 Thread 0x0000013b8f2c1000 Uncommon trap: trap_request=0xffffff4d fr.pc=0x0000013b87b0b36c relative=0x000000000000042c
Event: 99.608 Thread 0x0000013b8f2c1000 Uncommon trap: reason=unstable_if action=reinterpret pc=0x0000013b87b0b36c method=java.lang.String.substring(II)Ljava/lang/String; @ 31 c2
Event: 99.608 Thread 0x0000013b8f2c1000 DEOPT PACKING pc=0x0000013b87b0b36c sp=0x0000002cacdfd080
Event: 99.608 Thread 0x0000013b8f2c1000 DEOPT UNPACKING pc=0x0000013b80026ca9 sp=0x0000002cacdfd050 mode 2
Event: 99.711 Thread 0x0000013b8f2c1000 DEOPT PACKING pc=0x0000013b81f11bee sp=0x0000002cacdfcf90
Event: 99.711 Thread 0x0000013b8f2c1000 DEOPT UNPACKING pc=0x0000013b80026abf sp=0x0000002cacdfc440 mode 0

Classes redefined (0 events):
No events

Internal exceptions (20 events):
Event: 79.062 Thread 0x0000013bfe779000 Exception <a 'java/lang/NoSuchMethodError'{0x000000008bad6718}: <clinit>> (0x000000008bad6718) thrown at [./src/hotspot/share/prims/jni.cpp, line 1362]
Event: 79.063 Thread 0x0000013bfe779000 Exception <a 'java/lang/NoSuchMethodError'{0x000000008badb8f0}: <clinit>> (0x000000008badb8f0) thrown at [./src/hotspot/share/prims/jni.cpp, line 1362]
Event: 79.065 Thread 0x0000013bfe779000 Exception <a 'java/lang/NoSuchMethodError'{0x000000008bae7888}: <clinit>> (0x000000008bae7888) thrown at [./src/hotspot/share/prims/jni.cpp, line 1362]
Event: 79.078 Thread 0x0000013bfe779000 Exception <a 'java/lang/NoSuchMethodError'{0x000000008b9659d0}: <clinit>> (0x000000008b9659d0) thrown at [./src/hotspot/share/prims/jni.cpp, line 1362]
Event: 79.082 Thread 0x0000013bfe779000 Exception <a 'java/lang/NoSuchMethodError'{0x000000008b9a86b0}: <clinit>> (0x000000008b9a86b0) thrown at [./src/hotspot/share/prims/jni.cpp, line 1362]
Event: 79.143 Thread 0x0000013bfe779000 Exception <a 'java/lang/NoSuchMethodError'{0x000000008b9ac310}: <clinit>> (0x000000008b9ac310) thrown at [./src/hotspot/share/prims/jni.cpp, line 1362]
Event: 79.145 Thread 0x0000013bfe779000 Exception <a 'java/lang/NoSuchMethodError'{0x000000008b9afa20}: <clinit>> (0x000000008b9afa20) thrown at [./src/hotspot/share/prims/jni.cpp, line 1362]
Event: 79.148 Thread 0x0000013bfe779000 Exception <a 'java/lang/NoSuchMethodError'{0x000000008b9cf000}: <clinit>> (0x000000008b9cf000) thrown at [./src/hotspot/share/prims/jni.cpp, line 1362]
Event: 79.157 Thread 0x0000013bfe779000 Exception <a 'java/lang/NoSuchMethodError'{0x000000008b9ed298}: <clinit>> (0x000000008b9ed298) thrown at [./src/hotspot/share/prims/jni.cpp, line 1362]
Event: 79.162 Thread 0x0000013bfe779000 Exception <a 'java/lang/NoSuchMethodError'{0x000000008b8081b8}: <clinit>> (0x000000008b8081b8) thrown at [./src/hotspot/share/prims/jni.cpp, line 1362]
Event: 79.169 Thread 0x0000013bfe779000 Exception <a 'java/lang/NoSuchMethodError'{0x000000008b834cb0}: <clinit>> (0x000000008b834cb0) thrown at [./src/hotspot/share/prims/jni.cpp, line 1362]
Event: 79.177 Thread 0x0000013bfe779000 Exception <a 'java/lang/NoSuchMethodError'{0x000000008b8646f0}: <clinit>> (0x000000008b8646f0) thrown at [./src/hotspot/share/prims/jni.cpp, line 1362]
Event: 79.179 Thread 0x0000013bfe779000 Exception <a 'java/lang/NoSuchMethodError'{0x000000008b87dc78}: <clinit>> (0x000000008b87dc78) thrown at [./src/hotspot/share/prims/jni.cpp, line 1362]
Event: 85.797 Thread 0x0000013bfe779000 Implicit null exception at 0x0000013b87ee3409 to 0x0000013b87ee3ad4
Event: 92.313 Thread 0x0000013bfe779000 Implicit null exception at 0x0000013b8817a8a6 to 0x0000013b8818096c
Event: 93.312 Thread 0x0000013bfe779000 Exception <a 'java/lang/NoSuchMethodError'{0x000000008b9e5030}: <clinit>> (0x000000008b9e5030) thrown at [./src/hotspot/share/prims/jni.cpp, line 1362]
Event: 99.426 Thread 0x0000013b8f2c1000 Implicit null exception at 0x0000013b88258def to 0x0000013b88259750
Event: 99.426 Thread 0x0000013b8f2c1000 Implicit null exception at 0x0000013b88258def to 0x0000013b88259750
Event: 99.426 Thread 0x0000013b8f2c1000 Implicit null exception at 0x0000013b88258def to 0x0000013b88259750
Event: 99.426 Thread 0x0000013b8f2c1000 Implicit null exception at 0x0000013b88258def to 0x0000013b88259750

Events (20 events):
Event: 98.904 loading class com/android/aapt/Resources$Style$1
Event: 98.904 loading class com/android/aapt/Resources$Style$1 done
Event: 98.905 loading class com/android/aapt/Resources$Style$Builder
Event: 98.905 loading class com/android/aapt/Resources$Style$Builder done
Event: 98.908 loading class com/android/aapt/Resources$Style$Entry
Event: 98.908 loading class com/android/aapt/Resources$Style$Entry done
Event: 98.909 loading class com/android/aapt/Resources$Style$EntryOrBuilder
Event: 98.909 loading class com/android/aapt/Resources$Style$EntryOrBuilder done
Event: 99.000 loading class com/android/aapt/Resources$Style$Entry$1
Event: 99.000 loading class com/android/aapt/Resources$Style$Entry$1 done
Event: 99.220 loading class com/android/aapt/Resources$Style$Entry$Builder
Event: 99.220 loading class com/android/aapt/Resources$Style$Entry$Builder done
Event: 99.420 loading class com/android/aaptcompiler/TableExtractor$extractResource$parseBagMethod$5
Event: 99.420 loading class com/android/aaptcompiler/TableExtractor$extractResource$parseBagMethod$5 done
Event: 99.425 loading class com/android/aaptcompiler/ResourceTable$setVisibilityWithId$1
Event: 99.425 loading class com/android/aaptcompiler/ResourceTable$setVisibilityWithId$1 done
Event: 99.498 loading class com/android/aapt/Resources$RawString$1
Event: 99.498 loading class com/android/aapt/Resources$RawString$1 done
Event: 99.508 loading class com/android/aapt/Resources$RawString$Builder
Event: 99.508 loading class com/android/aapt/Resources$RawString$Builder done


Dynamic libraries:
0x00007ff66f7e0000 - 0x00007ff66f7ea000 	C:\Program Files\Android\Android Studio\jre\bin\java.exe
0x00007ffd088d0000 - 0x00007ffd08ac5000 	C:\windows\SYSTEM32\ntdll.dll
0x00007ffd06e50000 - 0x00007ffd06f0e000 	C:\windows\System32\KERNEL32.DLL
0x00007ffd05fe0000 - 0x00007ffd062a8000 	C:\windows\System32\KERNELBASE.dll
0x00007ffd06590000 - 0x00007ffd06690000 	C:\windows\System32\ucrtbase.dll
0x00007ffce7960000 - 0x00007ffce7979000 	C:\Program Files\Android\Android Studio\jre\bin\jli.dll
0x00007ffd06a30000 - 0x00007ffd06bd0000 	C:\windows\System32\USER32.dll
0x00007ffd06320000 - 0x00007ffd06342000 	C:\windows\System32\win32u.dll
0x00007ffd06f10000 - 0x00007ffd06f3b000 	C:\windows\System32\GDI32.dll
0x00007ffd06690000 - 0x00007ffd0679d000 	C:\windows\System32\gdi32full.dll
0x00007ffd067a0000 - 0x00007ffd0683d000 	C:\windows\System32\msvcp_win.dll
0x00007ffce7610000 - 0x00007ffce7627000 	C:\Program Files\Android\Android Studio\jre\bin\VCRUNTIME140.dll
0x00007ffcea0b0000 - 0x00007ffcea34a000 	C:\windows\WinSxS\amd64_microsoft.windows.common-controls_6595b64144ccf1df_6.0.19041.1110_none_60b5254171f9507e\COMCTL32.dll
0x00007ffd07d90000 - 0x00007ffd07e2e000 	C:\windows\System32\msvcrt.dll
0x00007ffd078d0000 - 0x00007ffd07900000 	C:\windows\System32\IMM32.DLL
0x00007ffca5ca0000 - 0x00007ffca5d3d000 	C:\Program Files\Android\Android Studio\jre\bin\msvcp140.dll
0x00007ffc953d0000 - 0x00007ffc95e9f000 	C:\Program Files\Android\Android Studio\jre\bin\server\jvm.dll
0x00007ffd06fb0000 - 0x00007ffd0705e000 	C:\windows\System32\ADVAPI32.dll
0x00007ffd06990000 - 0x00007ffd06a2c000 	C:\windows\System32\sechost.dll
0x00007ffd08400000 - 0x00007ffd08525000 	C:\windows\System32\RPCRT4.dll
0x00007ffd082d0000 - 0x00007ffd082d8000 	C:\windows\System32\PSAPI.DLL
0x00007ffcfea40000 - 0x00007ffcfea49000 	C:\windows\SYSTEM32\WSOCK32.dll
0x00007ffceb380000 - 0x00007ffceb3a7000 	C:\windows\SYSTEM32\WINMM.dll
0x00007ffd07060000 - 0x00007ffd070cb000 	C:\windows\System32\WS2_32.dll
0x00007ffcfcaf0000 - 0x00007ffcfcafa000 	C:\windows\SYSTEM32\VERSION.dll
0x00007ffd04890000 - 0x00007ffd048a2000 	C:\windows\SYSTEM32\kernel.appcore.dll
0x00007ffce3760000 - 0x00007ffce3771000 	C:\Program Files\Android\Android Studio\jre\bin\verify.dll
0x00007ffd04580000 - 0x00007ffd04764000 	C:\windows\SYSTEM32\DBGHELP.DLL
0x00007ffcf0d10000 - 0x00007ffcf0d3c000 	C:\windows\SYSTEM32\dbgcore.DLL
0x00007ffd06890000 - 0x00007ffd06912000 	C:\windows\System32\bcryptPrimitives.dll
0x00007ffcd87b0000 - 0x00007ffcd87d9000 	C:\Program Files\Android\Android Studio\jre\bin\java.dll
0x00007ffcfe700000 - 0x00007ffcfe70b000 	C:\Program Files\Android\Android Studio\jre\bin\jimage.dll
0x00007ffce3590000 - 0x00007ffce35a8000 	C:\Program Files\Android\Android Studio\jre\bin\zip.dll
0x00007ffd07180000 - 0x00007ffd078c4000 	C:\windows\System32\SHELL32.dll
0x00007ffd039e0000 - 0x00007ffd04174000 	C:\windows\SYSTEM32\windows.storage.dll
0x00007ffd079d0000 - 0x00007ffd07d25000 	C:\windows\System32\combase.dll
0x00007ffd05960000 - 0x00007ffd0598e000 	C:\windows\SYSTEM32\Wldp.dll
0x00007ffd06bd0000 - 0x00007ffd06c7d000 	C:\windows\System32\SHCORE.dll
0x00007ffd06930000 - 0x00007ffd06985000 	C:\windows\System32\shlwapi.dll
0x00007ffd05f20000 - 0x00007ffd05f3f000 	C:\windows\SYSTEM32\profapi.dll
0x00007ffcdf620000 - 0x00007ffcdf63a000 	C:\Program Files\Android\Android Studio\jre\bin\net.dll
0x00007ffcf73d0000 - 0x00007ffcf74dc000 	C:\windows\SYSTEM32\WINHTTP.dll
0x00007ffd056c0000 - 0x00007ffd0572a000 	C:\windows\system32\mswsock.dll
0x00007ffcd51e0000 - 0x00007ffcd51f4000 	C:\Program Files\Android\Android Studio\jre\bin\nio.dll
0x00007ffcce200000 - 0x00007ffcce227000 	C:\Users\sander kerby\.gradle\native\8bec1ad78214c89d9ad589b4d07fe93259594b29d510b10fafb7a158f7737e5d\windows-amd64\native-platform.dll
0x00007ffca5e90000 - 0x00007ffca5fcd000 	C:\Users\sander kerby\.gradle\native\53dbd7edfb1c66fb8903c78663c9afc45aea4f116125fa6feffd364cf09443e8\windows-amd64\native-platform-file-events.dll
0x00007ffcfd960000 - 0x00007ffcfd96a000 	C:\Program Files\Android\Android Studio\jre\bin\management.dll
0x00007ffcf7530000 - 0x00007ffcf753c000 	C:\Program Files\Android\Android Studio\jre\bin\management_ext.dll
0x00007ffd058c0000 - 0x00007ffd058d8000 	C:\windows\SYSTEM32\CRYPTSP.dll
0x00007ffd05040000 - 0x00007ffd05074000 	C:\windows\system32\rsaenh.dll
0x00007ffd06350000 - 0x00007ffd06377000 	C:\windows\System32\bcrypt.dll
0x00007ffd05ea0000 - 0x00007ffd05ece000 	C:\windows\SYSTEM32\USERENV.dll
0x00007ffd058b0000 - 0x00007ffd058bc000 	C:\windows\SYSTEM32\CRYPTBASE.dll
0x00007ffd053b0000 - 0x00007ffd053eb000 	C:\windows\SYSTEM32\IPHLPAPI.DLL
0x00007ffd06920000 - 0x00007ffd06928000 	C:\windows\System32\NSI.dll
0x00007ffcfbbf0000 - 0x00007ffcfbc07000 	C:\windows\SYSTEM32\dhcpcsvc6.DLL
0x00007ffcfa920000 - 0x00007ffcfa93d000 	C:\windows\SYSTEM32\dhcpcsvc.DLL
0x00007ffd053f0000 - 0x00007ffd054bb000 	C:\windows\SYSTEM32\DNSAPI.dll

dbghelp: loaded successfully - version: 4.0.5 - missing functions: none
symbol engine: initialized successfully - sym options: 0x614 - pdb path: .;C:\Program Files\Android\Android Studio\jre\bin;C:\windows\SYSTEM32;C:\windows\WinSxS\amd64_microsoft.windows.common-controls_6595b64144ccf1df_6.0.19041.1110_none_60b5254171f9507e;C:\Program Files\Android\Android Studio\jre\bin\server;C:\Users\sander kerby\.gradle\native\8bec1ad78214c89d9ad589b4d07fe93259594b29d510b10fafb7a158f7737e5d\windows-amd64;C:\Users\sander kerby\.gradle\native\53dbd7edfb1c66fb8903c78663c9afc45aea4f116125fa6feffd364cf09443e8\windows-amd64

VM Arguments:
jvm_args: --add-opens=java.base/java.util=ALL-UNNAMED --add-opens=java.base/java.lang=ALL-UNNAMED --add-opens=java.base/java.lang.invoke=ALL-UNNAMED --add-opens=java.base/java.util=ALL-UNNAMED --add-opens=java.prefs/java.util.prefs=ALL-UNNAMED --add-opens=java.prefs/java.util.prefs=ALL-UNNAMED --add-opens=java.base/java.nio.charset=ALL-UNNAMED --add-opens=java.base/java.net=ALL-UNNAMED --add-opens=java.base/java.util.concurrent.atomic=ALL-UNNAMED -Xmx2048m -Dfile.encoding=UTF-8 -Duser.country=US -Duser.language=en -Duser.variant 
java_command: org.gradle.launcher.daemon.bootstrap.GradleDaemon 7.0.2
java_class_path (initial): C:\Users\sander kerby\.gradle\wrapper\dists\gradle-7.0.2-bin\857tjihv64xamwrf0h14cai3r\gradle-7.0.2\lib\gradle-launcher-7.0.2.jar
Launcher Type: SUN_STANDARD

[Global flags]
     intx CICompilerCount                          = 2                                         {product} {ergonomic}
     uint ConcGCThreads                            = 1                                         {product} {ergonomic}
     uint G1ConcRefinementThreads                  = 2                                         {product} {ergonomic}
   size_t G1HeapRegionSize                         = 1048576                                   {product} {ergonomic}
    uintx GCDrainStackTargetSize                   = 64                                        {product} {ergonomic}
   size_t InitialHeapSize                          = 65011712                                  {product} {ergonomic}
   size_t MarkStackSize                            = 4194304                                   {product} {ergonomic}
   size_t MaxHeapSize                              = 2147483648                                {product} {command line}
   size_t MaxNewSize                               = 1287651328                                {product} {ergonomic}
   size_t MinHeapDeltaBytes                        = 1048576                                   {product} {ergonomic}
    uintx NonNMethodCodeHeapSize                   = 5825164                                {pd product} {ergonomic}
    uintx NonProfiledCodeHeapSize                  = 122916538                              {pd product} {ergonomic}
    uintx ProfiledCodeHeapSize                     = 122916538                              {pd product} {ergonomic}
    uintx ReservedCodeCacheSize                    = 251658240                              {pd product} {ergonomic}
     bool SegmentedCodeCache                       = true                                      {product} {ergonomic}
     bool UseCompressedClassPointers               = true                                 {lp64_product} {ergonomic}
     bool UseCompressedOops                        = true                                 {lp64_product} {ergonomic}
     bool UseG1GC                                  = true                                      {product} {ergonomic}
     bool UseLargePagesIndividualAllocation        = false                                  {pd product} {ergonomic}

Logging:
Log output configuration:
 #0: stdout all=warning uptime,level,tags
 #1: stderr all=off uptime,level,tags

Environment Variables:
JAVA_HOME=C:\Program Files\Java\jdk-16.0.2
PATH=C:\Program Files\Common Files\Oracle\Java\javapath;C:\app\sanderkerby\product\11.2.0\dbhome_1\bin;C:\windows\system32;C:\windows;C:\windows\System32\Wbem;C:\windows\System32\WindowsPowerShell\v1.0\;C:\windows\System32\OpenSSH\;C:\Windows\System32;C:\Program Files\Java\jdk-16.0.2\bin;C:\Program Files\Git\cmd;C:\Users\sander kerby\AppData\Local\Microsoft\WindowsApps;C:\Program Files\JetBrains\PyCharm Community Edition 2021.1.3\bin;;C:\Windows\System32;C:\Users\sander kerby\AppData\Local\Programs\Microsoft VS Code\bin;D:\tout\cours pour 2022\php-8.1.2-nts-Win32-vs16-x64;
USERNAME=sander kerby
OS=Windows_NT
PROCESSOR_IDENTIFIER=Intel64 Family 6 Model 122 Stepping 8, GenuineIntel



---------------  S Y S T E M  ---------------

OS: Windows 10 , 64 bit Build 19041 (10.0.19041.1503)
OS uptime: 0 days 3:17 hours

CPU:total 2 (initial active 2) (2 cores per cpu, 1 threads per core) family 6 model 122 stepping 8 microcode 0x1a, cmov, cx8, fxsr, mmx, sse, sse2, sse3, ssse3, sse4.1, sse4.2, popcnt, aes, clmul, erms, 3dnowpref, tsc, tscinvbit, sha

Memory: 4k page, system-wide physical 3912M (285M free)
TotalPageFile size 6610M (AvailPageFile size 5M)
current process WorkingSet (physical memory assigned to process): 433M, peak: 435M
current process commit charge ("private bytes"): 459M, peak: 461M

vm_info: OpenJDK 64-Bit Server VM (11.0.10+0-b96-7249189) for windows-amd64 JRE (11.0.10+0-b96-7249189), built on Mar 31 2021 21:44:00 by "builder" with MS VC++ 14.0 (VS2015)

END.
