#
# There is insufficient memory for the Java Runtime Environment to continue.
# Native memory allocation (mmap) failed to map 48234496 bytes for Failed to commit area from 0x000000008e600000 to 0x0000000091400000 of length 48234496.
# Possible reasons:
#   The system is out of physical RAM or swap space
#   The process is running with CompressedOops enabled, and the Java Heap may be blocking the growth of the native heap
# Possible solutions:
#   Reduce memory load on the system
#   Increase physical memory or swap space
#   Check if swap backing store is full
#   Decrease Java heap size (-Xmx/-Xms)
#   Decrease number of Java threads
#   Decrease Java thread stack sizes (-Xss)
#   Set larger code cache with -XX:ReservedCodeCacheSize=
#   JVM is running with Unscaled Compressed Oops mode in which the Java heap is
#     placed in the first 4GB address space. The Java Heap base address is the
#     maximum limit for the native heap growth. Please use -XX:HeapBaseMinAddress
#     to set the Java Heap base and to place the Java Heap above 4GB virtual address.
# This output file may be truncated or incomplete.
#
#  Out of Memory Error (./src/hotspot/os/windows/os_windows.cpp:3301), pid=7164, tid=2892
#
# JRE version: OpenJDK Runtime Environment (11.0.10) (build 11.0.10+0-b96-7249189)
# Java VM: OpenJDK 64-Bit Server VM (11.0.10+0-b96-7249189, mixed mode, tiered, compressed oops, g1 gc, windows-amd64)
# No core dump will be written. Minidumps are not enabled by default on client versions of Windows
#

---------------  S U M M A R Y ------------

Command Line: --add-opens=java.base/java.util=ALL-UNNAMED --add-opens=java.base/java.lang=ALL-UNNAMED --add-opens=java.base/java.lang.invoke=ALL-UNNAMED --add-opens=java.base/java.util=ALL-UNNAMED --add-opens=java.prefs/java.util.prefs=ALL-UNNAMED --add-opens=java.prefs/java.util.prefs=ALL-UNNAMED --add-opens=java.base/java.nio.charset=ALL-UNNAMED --add-opens=java.base/java.net=ALL-UNNAMED --add-opens=java.base/java.util.concurrent.atomic=ALL-UNNAMED -Xmx2048m -Dfile.encoding=UTF-8 -Duser.country=US -Duser.language=en -Duser.variant org.gradle.launcher.daemon.bootstrap.GradleDaemon 7.0.2

Host: Intel(R) Celeron(R) N4020 CPU @ 1.10GHz, 2 cores, 3G,  Windows 10 , 64 bit Build 19041 (10.0.19041.1503)
Time: Tue Mar 15 23:53:59 2022 Haiti Daylight Time elapsed time: 7574.084131 seconds (0d 2h 6m 14s)

---------------  T H R E A D  ---------------

Current thread (0x000001d72ada6000):  VMThread "VM Thread" [stack: 0x0000006977500000,0x0000006977600000] [id=2892]

Stack: [0x0000006977500000,0x0000006977600000]
[error occurred during error reporting (printing stack bounds), id 0xc0000005, EXCEPTION_ACCESS_VIOLATION (0xc0000005) at pc=0x000001d715210f3d]

Native frames: (J=compiled Java code, j=interpreted, Vv=VM code, C=native code)
V  [jvm.dll+0x5ecfaa]
V  [jvm.dll+0x722bd5]
V  [jvm.dll+0x72412d]
V  [jvm.dll+0x724745]
V  [jvm.dll+0x7246fb]
V  [jvm.dll+0x5ec348]
V  [jvm.dll+0x5ecad8]
C  [ntdll.dll+0xa20cf]
C  [ntdll.dll+0x51454]
C  [ntdll.dll+0xa0bfe]
C  0x000001d715210f3d

VM_Operation (0x00000069786f34f0): G1CollectForAllocation, mode: safepoint, requested by thread 0x000001d72e2bc000


---------------  P R O C E S S  ---------------

Threads class SMR info:
_java_thread_list=0x000001d733d96910, length=45, elements={
0x000001d71171c000, 0x000001d72adab000, 0x000001d72adae800, 0x000001d72ae0c800,
0x000001d72ae0e000, 0x000001d72ae10000, 0x000001d72ae11000, 0x000001d72ae14000,
0x000001d72ae3d800, 0x000001d72b870800, 0x000001d72c648800, 0x000001d72c2c0800,
0x000001d72d22a800, 0x000001d72c230800, 0x000001d72c232000, 0x000001d72c22e800,
0x000001d72c22d000, 0x000001d72c22e000, 0x000001d72c233000, 0x000001d72e2b4800,
0x000001d72e2b9000, 0x000001d72e2b4000, 0x000001d72e2c0000, 0x000001d72e2b5800,
0x000001d72e2b8000, 0x000001d72e2b3000, 0x000001d72e2bc000, 0x000001d72e2bb000,
0x000001d72e2bd000, 0x000001d72e2b7000, 0x000001d72e2be800, 0x000001d72e2c1000,
0x000001d72e2bf800, 0x000001d72c22f800, 0x000001d72c231000, 0x000001d72c22c800,
0x000001d73278d800, 0x000001d73278f000, 0x000001d732794000, 0x000001d73278e000,
0x000001d732791800, 0x000001d732795800, 0x000001d73278f800, 0x000001d732793000,
0x000001d732797000
}

Java Threads: ( => current thread )
  0x000001d71171c000 JavaThread "main" [_thread_blocked, id=1268, stack(0x0000006976f00000,0x0000006977000000)]
  0x000001d72adab000 JavaThread "Reference Handler" daemon [_thread_blocked, id=12456, stack(0x0000006977600000,0x0000006977700000)]
  0x000001d72adae800 JavaThread "Finalizer" daemon [_thread_blocked, id=8220, stack(0x0000006977700000,0x0000006977800000)]
  0x000001d72ae0c800 JavaThread "Signal Dispatcher" daemon [_thread_blocked, id=9972, stack(0x0000006977800000,0x0000006977900000)]
  0x000001d72ae0e000 JavaThread "Attach Listener" daemon [_thread_blocked, id=8132, stack(0x0000006977900000,0x0000006977a00000)]
  0x000001d72ae10000 JavaThread "Service Thread" daemon [_thread_blocked, id=3004, stack(0x0000006977a00000,0x0000006977b00000)]
  0x000001d72ae11000 JavaThread "C2 CompilerThread0" daemon [_thread_in_native, id=8964, stack(0x0000006977b00000,0x0000006977c00000)]
  0x000001d72ae14000 JavaThread "C1 CompilerThread0" daemon [_thread_blocked, id=10684, stack(0x0000006977c00000,0x0000006977d00000)]
  0x000001d72ae3d800 JavaThread "Sweeper thread" daemon [_thread_blocked, id=3692, stack(0x0000006977d00000,0x0000006977e00000)]
  0x000001d72b870800 JavaThread "Common-Cleaner" daemon [_thread_blocked, id=10956, stack(0x0000006977e00000,0x0000006977f00000)]
  0x000001d72c648800 JavaThread "Daemon health stats" [_thread_blocked, id=11456, stack(0x0000006978100000,0x0000006978200000)]
  0x000001d72c2c0800 JavaThread "Incoming local TCP Connector on port 57826" [_thread_in_native, id=12840, stack(0x0000006978200000,0x0000006978300000)]
  0x000001d72d22a800 JavaThread "Daemon periodic checks" [_thread_blocked, id=14492, stack(0x0000006978300000,0x0000006978400000)]
  0x000001d72c230800 JavaThread "Cache worker for file hash cache (C:\Users\sander kerby\.gradle\caches\7.0.2\fileHashes)" [_thread_blocked, id=100, stack(0x0000006978b00000,0x0000006978c00000)]
  0x000001d72c232000 JavaThread "File lock request listener" [_thread_in_native, id=14148, stack(0x0000006978c00000,0x0000006978d00000)]
  0x000001d72c22e800 JavaThread "Cache worker for journal cache (C:\Users\sander kerby\.gradle\caches\journal-1)" [_thread_blocked, id=12676, stack(0x0000006978d00000,0x0000006978e00000)]
  0x000001d72c22d000 JavaThread "File watcher server" daemon [_thread_blocked, id=3048, stack(0x0000006979000000,0x0000006979100000)]
  0x000001d72c22e000 JavaThread "File watcher consumer" daemon [_thread_blocked, id=13544, stack(0x0000006979100000,0x0000006979200000)]
  0x000001d72c233000 JavaThread "jar transforms" [_thread_blocked, id=2672, stack(0x0000006979200000,0x0000006979300000)]
  0x000001d72e2b4800 JavaThread "jar transforms Thread 2" [_thread_blocked, id=8404, stack(0x0000006979300000,0x0000006979400000)]
  0x000001d72e2b9000 JavaThread "Cache worker for execution history cache (C:\Users\sander kerby\.gradle\caches\7.0.2\executionHistory)" [_thread_blocked, id=15072, stack(0x0000006979700000,0x0000006979800000)]
  0x000001d72e2b4000 JavaThread "Cache worker for file content cache (C:\Users\sander kerby\.gradle\caches\7.0.2\fileContent)" [_thread_blocked, id=13960, stack(0x0000006979a00000,0x0000006979b00000)]
  0x000001d72e2c0000 JavaThread "Memory manager" [_thread_blocked, id=9384, stack(0x0000006978e00000,0x0000006978f00000)]
  0x000001d72e2b5800 JavaThread "Daemon Thread 2" [_thread_blocked, id=11448, stack(0x0000006976e00000,0x0000006976f00000)]
  0x000001d72e2b8000 JavaThread "Handler for socket connection from /127.0.0.1:57826 to /127.0.0.1:52596" [_thread_in_native, id=7496, stack(0x0000006978400000,0x0000006978500000)]
  0x000001d72e2b3000 JavaThread "Cancel handler" [_thread_blocked, id=8744, stack(0x0000006978500000,0x0000006978600000)]
  0x000001d72e2bc000 JavaThread "Daemon worker Thread 2" [_thread_blocked, id=14780, stack(0x0000006978600000,0x0000006978700000)]
  0x000001d72e2bb000 JavaThread "Asynchronous log dispatcher for DefaultDaemonConnection: socket connection from /127.0.0.1:57826 to /127.0.0.1:52596" [_thread_blocked, id=4764, stack(0x0000006978700000,0x0000006978800000)]
  0x000001d72e2bd000 JavaThread "Daemon client event forwarder" [_thread_blocked, id=8228, stack(0x0000006978900000,0x0000006978a00000)]
  0x000001d72e2b7000 JavaThread "Cache worker for file hash cache (C:\Users\sander kerby\AndroidStudioProjects\Paniermobil\.gradle\7.0.2\fileHashes)" [_thread_blocked, id=15272, stack(0x0000006978a00000,0x0000006978b00000)]
  0x000001d72e2be800 JavaThread "Cache worker for checksums cache (C:\Users\sander kerby\AndroidStudioProjects\Paniermobil\.gradle\checksums)" [_thread_blocked, id=15288, stack(0x0000006978f00000,0x0000006979000000)]
  0x000001d72e2c1000 JavaThread "Cache worker for cache directory md-supplier (C:\Users\sander kerby\.gradle\caches\7.0.2\md-supplier)" [_thread_blocked, id=4748, stack(0x0000006979400000,0x0000006979500000)]
  0x000001d72e2bf800 JavaThread "Cache worker for cache directory md-rule (C:\Users\sander kerby\.gradle\caches\7.0.2\md-rule)" [_thread_blocked, id=9768, stack(0x0000006979500000,0x0000006979600000)]
  0x000001d72c22f800 JavaThread "Cache worker for dependencies-accessors (C:\Users\sander kerby\AndroidStudioProjects\Paniermobil\.gradle\7.0.2\dependencies-accessors)" [_thread_blocked, id=4904, stack(0x0000006979600000,0x0000006979700000)]
  0x000001d72c231000 JavaThread "Cache worker for Build Output Cleanup Cache (C:\Users\sander kerby\AndroidStudioProjects\Paniermobil\.gradle\buildOutputCleanup)" [_thread_blocked, id=12644, stack(0x0000006979800000,0x0000006979900000)]
  0x000001d72c22c800 JavaThread "Build operations" [_thread_blocked, id=12800, stack(0x0000006979900000,0x0000006979a00000)]
  0x000001d73278d800 JavaThread "Build operations Thread 2" [_thread_blocked, id=7556, stack(0x0000006979b00000,0x0000006979c00000)]
  0x000001d73278f000 JavaThread "build event listener" [_thread_blocked, id=13088, stack(0x0000006979c00000,0x0000006979d00000)]
  0x000001d732794000 JavaThread "Execution worker for ':'" [_thread_blocked, id=9640, stack(0x0000006979d00000,0x0000006979e00000)]
  0x000001d73278e000 JavaThread "Cache worker for execution history cache (C:\Users\sander kerby\AndroidStudioProjects\Paniermobil\.gradle\7.0.2\executionHistory)" [_thread_blocked, id=15100, stack(0x0000006979e00000,0x0000006979f00000)]
  0x000001d732791800 JavaThread "WorkerExecutor Queue" [_thread_blocked, id=15248, stack(0x0000006979f00000,0x000000697a000000)]
  0x000001d732795800 JavaThread "WorkerExecutor Queue Thread 2" [_thread_blocked, id=8112, stack(0x000000697a000000,0x000000697a100000)]
  0x000001d73278f800 JavaThread "pool-4-thread-1" [_thread_blocked, id=11296, stack(0x0000006978800000,0x0000006978900000)]
  0x000001d732793000 JavaThread "stderr" [_thread_in_native, id=9796, stack(0x000000697a100000,0x000000697a200000)]
  0x000001d732797000 JavaThread "stdout" [_thread_in_native, id=7108, stack(0x000000697a200000,0x000000697a300000)]

Other Threads:
=>0x000001d72ada6000 VMThread "VM Thread" [stack: 0x0000006977500000,0x0000006977600000] [id=2892]
  0x000001d72b8a1800 WatcherThread [stack: 0x0000006977f00000,0x0000006978000000] [id=4744]
  0x000001d711734800 GCTaskThread "GC Thread#0" [stack: 0x0000006977000000,0x0000006977100000] [id=13604]
  0x000001d72ba5a000 GCTaskThread "GC Thread#1" [stack: 0x0000006978000000,0x0000006978100000] [id=4684]
  0x000001d711766000 ConcurrentGCThread "G1 Main Marker" [stack: 0x0000006977100000,0x0000006977200000] [id=3944]
  0x000001d711767800 ConcurrentGCThread "G1 Conc#0" [stack: 0x0000006977200000,0x0000006977300000] [id=8392]
  0x000001d7117b7000 ConcurrentGCThread "G1 Refine#0" [stack: 0x0000006977300000,0x0000006977400000] [id=14836]
  0x000001d72c8a0800 ConcurrentGCThread "G1 Refine#1" [stack: 0x0000006976d00000,0x0000006976e00000] [id=8356]
  0x000001d7117b9000 ConcurrentGCThread "G1 Young RemSet Sampling" [stack: 0x0000006977400000,0x0000006977500000] [id=14076]

Threads with active compile tasks:
C2 CompilerThread07574135 23170       4       com.android.tools.r8.internal.Kv::a (430 bytes)

VM state:at safepoint (normal execution)

VM Mutex/Monitor currently owned by a thread:  ([mutex/lock_event])
[0x000001d7117198c0] Threads_lock - owner thread: 0x000001d72ada6000
[0x000001d711719dd0] Heap_lock - owner thread: 0x000001d72e2bc000

Heap address: 0x0000000080000000, size: 2048 MB, Compressed Oops mode: 32-bit
Narrow klass base: 0x0000000000000000, Narrow klass shift: 3
Compressed class space size: 1073741824 Address: 0x0000000100000000

Heap:
 garbage-first heap   total 282624K, used 137718K [0x0000000080000000, 0x0000000100000000)
  region size 1024K, 4 young (4096K), 4 survivors (4096K)
 Metaspace       used 135128K, capacity 138510K, committed 138752K, reserved 1169408K
  class space    used 16849K, capacity 18102K, committed 18176K, reserved 1048576K
Heap Regions: E=young(eden), S=young(survivor), O=old, HS=humongous(starts), HC=humongous(continues), CS=collection set, F=free, A=archive, TAMS=top-at-mark-start (previous, next)
|   0|0x0000000080000000, 0x0000000080100000, 0x0000000080100000|100%| O|  |TAMS 0x0000000080100000, 0x0000000080000000| Untracked 
|   1|0x0000000080100000, 0x0000000080200000, 0x0000000080200000|100%| O|  |TAMS 0x0000000080200000, 0x0000000080100000| Untracked 
|   2|0x0000000080200000, 0x0000000080300000, 0x0000000080300000|100%| O|  |TAMS 0x0000000080300000, 0x0000000080200000| Untracked 
|   3|0x0000000080300000, 0x0000000080400000, 0x0000000080400000|100%| O|  |TAMS 0x0000000080400000, 0x0000000080300000| Untracked 
|   4|0x0000000080400000, 0x0000000080500000, 0x0000000080500000|100%|HS|  |TAMS 0x0000000080500000, 0x0000000080400000| Complete 
|   5|0x0000000080500000, 0x0000000080600000, 0x0000000080600000|100%|HC|  |TAMS 0x0000000080600000, 0x0000000080500000| Complete 
|   6|0x0000000080600000, 0x0000000080700000, 0x0000000080700000|100%|HC|  |TAMS 0x0000000080700000, 0x0000000080600000| Complete 
|   7|0x0000000080700000, 0x0000000080800000, 0x0000000080800000|100%| O|  |TAMS 0x0000000080800000, 0x0000000080700000| Untracked 
|   8|0x0000000080800000, 0x0000000080900000, 0x0000000080900000|100%| O|  |TAMS 0x0000000080900000, 0x0000000080800000| Untracked 
|   9|0x0000000080900000, 0x0000000080a00000, 0x0000000080a00000|100%| O|  |TAMS 0x0000000080a00000, 0x0000000080900000| Untracked 
|  10|0x0000000080a00000, 0x0000000080b00000, 0x0000000080b00000|100%| O|  |TAMS 0x0000000080b00000, 0x0000000080a00000| Complete 
|  11|0x0000000080b00000, 0x0000000080c00000, 0x0000000080c00000|100%| O|  |TAMS 0x0000000080c00000, 0x0000000080b00000| Untracked 
|  12|0x0000000080c00000, 0x0000000080d00000, 0x0000000080d00000|100%| O|  |TAMS 0x0000000080d00000, 0x0000000080c00000| Untracked 
|  13|0x0000000080d00000, 0x0000000080e00000, 0x0000000080e00000|100%| O|  |TAMS 0x0000000080e00000, 0x0000000080d00000| Complete 
|  14|0x0000000080e00000, 0x0000000080f00000, 0x0000000080f00000|100%| O|  |TAMS 0x0000000080f00000, 0x0000000080e00000| Complete 
|  15|0x0000000080f00000, 0x0000000081000000, 0x0000000081000000|100%| O|  |TAMS 0x0000000081000000, 0x0000000080f00000| Complete 
|  16|0x0000000081000000, 0x0000000081100000, 0x0000000081100000|100%|HS|  |TAMS 0x0000000081100000, 0x0000000081000000| Complete 
|  17|0x0000000081100000, 0x0000000081200000, 0x0000000081200000|100%|HC|  |TAMS 0x0000000081200000, 0x0000000081100000| Complete 
|  18|0x0000000081200000, 0x0000000081300000, 0x0000000081300000|100%|HS|  |TAMS 0x0000000081300000, 0x0000000081200000| Complete 
|  19|0x0000000081300000, 0x0000000081400000, 0x0000000081400000|100%|HC|  |TAMS 0x0000000081400000, 0x0000000081300000| Complete 
|  20|0x0000000081400000, 0x0000000081500000, 0x0000000081500000|100%|HC|  |TAMS 0x0000000081500000, 0x0000000081400000| Complete 
|  21|0x0000000081500000, 0x0000000081600000, 0x0000000081600000|100%|HS|  |TAMS 0x0000000081600000, 0x0000000081500000| Complete 
|  22|0x0000000081600000, 0x0000000081700000, 0x0000000081700000|100%|HC|  |TAMS 0x0000000081700000, 0x0000000081600000| Complete 
|  23|0x0000000081700000, 0x0000000081800000, 0x0000000081800000|100%|HC|  |TAMS 0x0000000081800000, 0x0000000081700000| Complete 
|  24|0x0000000081800000, 0x0000000081900000, 0x0000000081900000|100%|HC|  |TAMS 0x0000000081900000, 0x0000000081800000| Complete 
|  25|0x0000000081900000, 0x0000000081a00000, 0x0000000081a00000|100%|HC|  |TAMS 0x0000000081a00000, 0x0000000081900000| Complete 
|  26|0x0000000081a00000, 0x0000000081b00000, 0x0000000081b00000|100%| O|  |TAMS 0x0000000081b00000, 0x0000000081a00000| Complete 
|  27|0x0000000081b00000, 0x0000000081c00000, 0x0000000081c00000|100%| O|  |TAMS 0x0000000081c00000, 0x0000000081b00000| Complete 
|  28|0x0000000081c00000, 0x0000000081d00000, 0x0000000081d00000|100%| O|  |TAMS 0x0000000081d00000, 0x0000000081c00000| Complete 
|  29|0x0000000081d00000, 0x0000000081e00000, 0x0000000081e00000|100%| O|  |TAMS 0x0000000081e00000, 0x0000000081d00000| Untracked 
|  30|0x0000000081e00000, 0x0000000081f00000, 0x0000000081f00000|100%| O|  |TAMS 0x0000000081f00000, 0x0000000081e00000| Untracked 
|  31|0x0000000081f00000, 0x0000000082000000, 0x0000000082000000|100%| O|  |TAMS 0x0000000082000000, 0x0000000081f00000| Complete 
|  32|0x0000000082000000, 0x0000000082100000, 0x0000000082100000|100%| O|  |TAMS 0x0000000082100000, 0x0000000082000000| Complete 
|  33|0x0000000082100000, 0x0000000082200000, 0x0000000082200000|100%| O|  |TAMS 0x0000000082200000, 0x0000000082100000| Complete 
|  34|0x0000000082200000, 0x0000000082300000, 0x0000000082300000|100%| O|  |TAMS 0x0000000082300000, 0x0000000082200000| Complete 
|  35|0x0000000082300000, 0x0000000082400000, 0x0000000082400000|100%| O|  |TAMS 0x0000000082400000, 0x0000000082300000| Complete 
|  36|0x0000000082400000, 0x0000000082500000, 0x0000000082500000|100%| O|  |TAMS 0x0000000082500000, 0x0000000082400000| Untracked 
|  37|0x0000000082500000, 0x0000000082600000, 0x0000000082600000|100%| O|  |TAMS 0x0000000082600000, 0x0000000082500000| Complete 
|  38|0x0000000082600000, 0x0000000082700000, 0x0000000082700000|100%| O|  |TAMS 0x0000000082700000, 0x0000000082600000| Untracked 
|  39|0x0000000082700000, 0x0000000082800000, 0x0000000082800000|100%|HS|  |TAMS 0x0000000082800000, 0x0000000082700000| Complete 
|  40|0x0000000082800000, 0x0000000082900000, 0x0000000082900000|100%|HC|  |TAMS 0x0000000082900000, 0x0000000082800000| Complete 
|  41|0x0000000082900000, 0x0000000082a00000, 0x0000000082a00000|100%|HC|  |TAMS 0x0000000082a00000, 0x0000000082900000| Complete 
|  42|0x0000000082a00000, 0x0000000082b00000, 0x0000000082b00000|100%|HC|  |TAMS 0x0000000082b00000, 0x0000000082a00000| Complete 
|  43|0x0000000082b00000, 0x0000000082c00000, 0x0000000082c00000|100%|HC|  |TAMS 0x0000000082c00000, 0x0000000082b00000| Complete 
|  44|0x0000000082c00000, 0x0000000082d00000, 0x0000000082d00000|100%| O|  |TAMS 0x0000000082d00000, 0x0000000082c00000| Untracked 
|  45|0x0000000082d00000, 0x0000000082e00000, 0x0000000082e00000|100%|HS|  |TAMS 0x0000000082e00000, 0x0000000082d00000| Complete 
|  46|0x0000000082e00000, 0x0000000082f00000, 0x0000000082f00000|100%|HC|  |TAMS 0x0000000082f00000, 0x0000000082e00000| Complete 
|  47|0x0000000082f00000, 0x0000000083000000, 0x0000000083000000|100%|HC|  |TAMS 0x0000000083000000, 0x0000000082f00000| Complete 
|  48|0x0000000083000000, 0x0000000083100000, 0x0000000083100000|100%| O|  |TAMS 0x0000000083100000, 0x0000000083000000| Untracked 
|  49|0x0000000083100000, 0x0000000083200000, 0x0000000083200000|100%| O|  |TAMS 0x0000000083200000, 0x0000000083100000| Untracked 
|  50|0x0000000083200000, 0x0000000083300000, 0x0000000083300000|100%| O|  |TAMS 0x0000000083300000, 0x0000000083200000| Untracked 
|  51|0x0000000083300000, 0x0000000083400000, 0x0000000083400000|100%| O|  |TAMS 0x0000000083400000, 0x0000000083300000| Untracked 
|  52|0x0000000083400000, 0x0000000083500000, 0x0000000083500000|100%| O|  |TAMS 0x0000000083500000, 0x0000000083400000| Complete 
|  53|0x0000000083500000, 0x0000000083600000, 0x0000000083600000|100%| O|  |TAMS 0x0000000083600000, 0x0000000083500000| Untracked 
|  54|0x0000000083600000, 0x0000000083700000, 0x0000000083700000|100%| O|  |TAMS 0x0000000083700000, 0x0000000083600000| Untracked 
|  55|0x0000000083700000, 0x0000000083800000, 0x0000000083800000|100%| O|  |TAMS 0x0000000083800000, 0x0000000083700000| Untracked 
|  56|0x0000000083800000, 0x0000000083900000, 0x0000000083900000|100%| O|  |TAMS 0x0000000083900000, 0x0000000083800000| Untracked 
|  57|0x0000000083900000, 0x0000000083a00000, 0x0000000083a00000|100%| O|  |TAMS 0x0000000083a00000, 0x0000000083900000| Untracked 
|  58|0x0000000083a00000, 0x0000000083b00000, 0x0000000083b00000|100%|HS|  |TAMS 0x0000000083b00000, 0x0000000083a00000| Complete 
|  59|0x0000000083b00000, 0x0000000083c00000, 0x0000000083c00000|100%|HS|  |TAMS 0x0000000083c00000, 0x0000000083b00000| Complete 
|  60|0x0000000083c00000, 0x0000000083d00000, 0x0000000083d00000|100%| O|  |TAMS 0x0000000083d00000, 0x0000000083c00000| Complete 
|  61|0x0000000083d00000, 0x0000000083e00000, 0x0000000083e00000|100%| O|  |TAMS 0x0000000083e00000, 0x0000000083d00000| Complete 
|  62|0x0000000083e00000, 0x0000000083f00000, 0x0000000083f00000|100%| O|  |TAMS 0x0000000083f00000, 0x0000000083e00000| Untracked 
|  63|0x0000000083f00000, 0x0000000084000000, 0x0000000084000000|100%| O|  |TAMS 0x0000000084000000, 0x0000000083f00000| Untracked 
|  64|0x0000000084000000, 0x0000000084100000, 0x0000000084100000|100%| O|  |TAMS 0x0000000084100000, 0x0000000084000000| Untracked 
|  65|0x0000000084100000, 0x0000000084200000, 0x0000000084200000|100%|HS|  |TAMS 0x0000000084200000, 0x0000000084100000| Complete 
|  66|0x0000000084200000, 0x0000000084300000, 0x0000000084300000|100%|HC|  |TAMS 0x0000000084300000, 0x0000000084200000| Complete 
|  67|0x0000000084300000, 0x0000000084400000, 0x0000000084400000|100%| O|  |TAMS 0x0000000084400000, 0x0000000084300000| Untracked 
|  68|0x0000000084400000, 0x0000000084500000, 0x0000000084500000|100%| O|  |TAMS 0x0000000084500000, 0x0000000084400000| Untracked 
|  69|0x0000000084500000, 0x0000000084600000, 0x0000000084600000|100%| O|  |TAMS 0x0000000084600000, 0x0000000084500000| Complete 
|  70|0x0000000084600000, 0x0000000084700000, 0x0000000084700000|100%| O|  |TAMS 0x0000000084700000, 0x0000000084600000| Complete 
|  71|0x0000000084700000, 0x0000000084800000, 0x0000000084800000|100%| O|  |TAMS 0x0000000084800000, 0x0000000084700000| Complete 
|  72|0x0000000084800000, 0x0000000084900000, 0x0000000084900000|100%| O|  |TAMS 0x0000000084900000, 0x0000000084800000| Complete 
|  73|0x0000000084900000, 0x0000000084a00000, 0x0000000084a00000|100%| O|  |TAMS 0x0000000084a00000, 0x0000000084900000| Untracked 
|  74|0x0000000084a00000, 0x0000000084b00000, 0x0000000084b00000|100%| O|  |TAMS 0x0000000084b00000, 0x0000000084a00000| Untracked 
|  75|0x0000000084b00000, 0x0000000084c00000, 0x0000000084c00000|100%| O|  |TAMS 0x0000000084c00000, 0x0000000084b00000| Untracked 
|  76|0x0000000084c00000, 0x0000000084d00000, 0x0000000084d00000|100%| O|  |TAMS 0x0000000084d00000, 0x0000000084c00000| Untracked 
|  77|0x0000000084d00000, 0x0000000084e00000, 0x0000000084e00000|100%| O|  |TAMS 0x0000000084e00000, 0x0000000084d00000| Untracked 
|  78|0x0000000084e00000, 0x0000000084f00000, 0x0000000084f00000|100%| O|  |TAMS 0x0000000084f00000, 0x0000000084e00000| Untracked 
|  79|0x0000000084f00000, 0x0000000085000000, 0x0000000085000000|100%| O|  |TAMS 0x0000000085000000, 0x0000000084f00000| Untracked 
|  80|0x0000000085000000, 0x0000000085100000, 0x0000000085100000|100%| O|  |TAMS 0x0000000085100000, 0x0000000085000000| Untracked 
|  81|0x0000000085100000, 0x0000000085200000, 0x0000000085200000|100%| O|  |TAMS 0x0000000085200000, 0x0000000085100000| Untracked 
|  82|0x0000000085200000, 0x0000000085300000, 0x0000000085300000|100%| O|  |TAMS 0x0000000085300000, 0x0000000085200000| Untracked 
|  83|0x0000000085300000, 0x0000000085400000, 0x0000000085400000|100%| O|  |TAMS 0x0000000085400000, 0x0000000085300000| Untracked 
|  84|0x0000000085400000, 0x0000000085500000, 0x0000000085500000|100%| O|  |TAMS 0x0000000085500000, 0x0000000085400000| Complete 
|  85|0x0000000085500000, 0x0000000085600000, 0x0000000085600000|100%| O|  |TAMS 0x0000000085600000, 0x0000000085500000| Untracked 
|  86|0x0000000085600000, 0x0000000085700000, 0x0000000085700000|100%| O|  |TAMS 0x0000000085700000, 0x0000000085600000| Untracked 
|  87|0x0000000085700000, 0x0000000085800000, 0x0000000085800000|100%| O|  |TAMS 0x0000000085800000, 0x0000000085700000| Untracked 
|  88|0x0000000085800000, 0x0000000085900000, 0x0000000085900000|100%| O|  |TAMS 0x0000000085900000, 0x0000000085800000| Untracked 
|  89|0x0000000085900000, 0x0000000085a00000, 0x0000000085a00000|100%| O|  |TAMS 0x0000000085a00000, 0x0000000085900000| Untracked 
|  90|0x0000000085a00000, 0x0000000085b00000, 0x0000000085b00000|100%| O|  |TAMS 0x0000000085b00000, 0x0000000085a00000| Untracked 
|  91|0x0000000085b00000, 0x0000000085c00000, 0x0000000085c00000|100%| O|  |TAMS 0x0000000085c00000, 0x0000000085b00000| Complete 
|  92|0x0000000085c00000, 0x0000000085d00000, 0x0000000085d00000|100%| O|  |TAMS 0x0000000085d00000, 0x0000000085c00000| Untracked 
|  93|0x0000000085d00000, 0x0000000085e00000, 0x0000000085e00000|100%| O|  |TAMS 0x0000000085e00000, 0x0000000085d00000| Untracked 
|  94|0x0000000085e00000, 0x0000000085f00000, 0x0000000085f00000|100%| O|  |TAMS 0x0000000085f00000, 0x0000000085e00000| Complete 
|  95|0x0000000085f00000, 0x0000000086000000, 0x0000000086000000|100%| O|  |TAMS 0x0000000086000000, 0x0000000085f00000| Untracked 
|  96|0x0000000086000000, 0x0000000086100000, 0x0000000086100000|100%| O|  |TAMS 0x0000000086100000, 0x0000000086000000| Untracked 
|  97|0x0000000086100000, 0x0000000086200000, 0x0000000086200000|100%| O|  |TAMS 0x0000000086200000, 0x0000000086100000| Complete 
|  98|0x0000000086200000, 0x0000000086300000, 0x0000000086300000|100%| O|  |TAMS 0x0000000086300000, 0x0000000086200000| Complete 
|  99|0x0000000086300000, 0x0000000086400000, 0x0000000086400000|100%| O|  |TAMS 0x0000000086400000, 0x0000000086300000| Complete 
| 100|0x0000000086400000, 0x0000000086400000, 0x0000000086500000|  0%| F|  |TAMS 0x0000000086400000, 0x0000000086400000| Untracked 
| 101|0x0000000086500000, 0x0000000086600000, 0x0000000086600000|100%| O|  |TAMS 0x0000000086600000, 0x0000000086500000| Untracked 
| 102|0x0000000086600000, 0x0000000086700000, 0x0000000086700000|100%| O|  |TAMS 0x0000000086700000, 0x0000000086600000| Complete 
| 103|0x0000000086700000, 0x0000000086800000, 0x0000000086800000|100%| O|  |TAMS 0x0000000086800000, 0x0000000086700000| Untracked 
| 104|0x0000000086800000, 0x0000000086900000, 0x0000000086900000|100%| O|  |TAMS 0x0000000086900000, 0x0000000086800000| Untracked 
| 105|0x0000000086900000, 0x0000000086a00000, 0x0000000086a00000|100%| O|  |TAMS 0x0000000086a00000, 0x0000000086900000| Untracked 
| 106|0x0000000086a00000, 0x0000000086a00000, 0x0000000086b00000|  0%| F|  |TAMS 0x0000000086a00000, 0x0000000086a00000| Untracked 
| 107|0x0000000086b00000, 0x0000000086c00000, 0x0000000086c00000|100%| O|  |TAMS 0x0000000086c00000, 0x0000000086b00000| Complete 
| 108|0x0000000086c00000, 0x0000000086d00000, 0x0000000086d00000|100%| O|  |TAMS 0x0000000086d00000, 0x0000000086c00000| Complete 
| 109|0x0000000086d00000, 0x0000000086e00000, 0x0000000086e00000|100%| O|  |TAMS 0x0000000086e00000, 0x0000000086d00000| Complete 
| 110|0x0000000086e00000, 0x0000000086f00000, 0x0000000086f00000|100%| O|  |TAMS 0x0000000086f00000, 0x0000000086e00000| Untracked 
| 111|0x0000000086f00000, 0x0000000087000000, 0x0000000087000000|100%| O|  |TAMS 0x0000000087000000, 0x0000000086f00000| Untracked 
| 112|0x0000000087000000, 0x0000000087100000, 0x0000000087100000|100%| O|  |TAMS 0x0000000087100000, 0x0000000087000000| Untracked 
| 113|0x0000000087100000, 0x0000000087200000, 0x0000000087200000|100%| O|  |TAMS 0x0000000087200000, 0x0000000087100000| Complete 
| 114|0x0000000087200000, 0x0000000087300000, 0x0000000087300000|100%| O|  |TAMS 0x0000000087300000, 0x0000000087200000| Untracked 
| 115|0x0000000087300000, 0x0000000087400000, 0x0000000087400000|100%| O|  |TAMS 0x0000000087400000, 0x0000000087300000| Untracked 
| 116|0x0000000087400000, 0x0000000087500000, 0x0000000087500000|100%| O|  |TAMS 0x0000000087500000, 0x0000000087400000| Untracked 
| 117|0x0000000087500000, 0x0000000087600000, 0x0000000087600000|100%| O|  |TAMS 0x0000000087600000, 0x0000000087500000| Untracked 
| 118|0x0000000087600000, 0x0000000087700000, 0x0000000087700000|100%| O|  |TAMS 0x0000000087700000, 0x0000000087600000| Untracked 
| 119|0x0000000087700000, 0x0000000087700000, 0x0000000087800000|  0%| F|  |TAMS 0x0000000087700000, 0x0000000087700000| Untracked 
| 120|0x0000000087800000, 0x0000000087900000, 0x0000000087900000|100%| O|  |TAMS 0x0000000087900000, 0x0000000087800000| Complete 
| 121|0x0000000087900000, 0x0000000087a00000, 0x0000000087a00000|100%| O|  |TAMS 0x0000000087a00000, 0x0000000087900000| Complete 
| 122|0x0000000087a00000, 0x0000000087b00000, 0x0000000087b00000|100%| O|  |TAMS 0x0000000087b00000, 0x0000000087a00000| Complete 
| 123|0x0000000087b00000, 0x0000000087c00000, 0x0000000087c00000|100%| O|  |TAMS 0x0000000087c00000, 0x0000000087b00000| Complete 
| 124|0x0000000087c00000, 0x0000000087d00000, 0x0000000087d00000|100%| O|  |TAMS 0x0000000087d00000, 0x0000000087c00000| Complete 
| 125|0x0000000087d00000, 0x0000000087e00000, 0x0000000087e00000|100%| O|  |TAMS 0x0000000087e00000, 0x0000000087d00000| Complete 
| 126|0x0000000087e00000, 0x0000000087f00000, 0x0000000087f00000|100%| O|  |TAMS 0x0000000087f00000, 0x0000000087e00000| Complete 
| 127|0x0000000087f00000, 0x0000000088000000, 0x0000000088000000|100%| O|  |TAMS 0x0000000088000000, 0x0000000087f00000| Complete 
| 128|0x0000000088000000, 0x0000000088100000, 0x0000000088100000|100%| O|  |TAMS 0x0000000088100000, 0x0000000088000000| Complete 
| 129|0x0000000088100000, 0x000000008814a200, 0x0000000088200000| 28%| O|  |TAMS 0x000000008814a200, 0x0000000088100000| Untracked 
| 130|0x0000000088200000, 0x0000000088200000, 0x0000000088300000|  0%| F|  |TAMS 0x0000000088200000, 0x0000000088200000| Untracked 
| 131|0x0000000088300000, 0x0000000088400000, 0x0000000088400000|100%| O|  |TAMS 0x0000000088400000, 0x0000000088300000| Untracked 
| 132|0x0000000088400000, 0x0000000088500000, 0x0000000088500000|100%| O|  |TAMS 0x0000000088500000, 0x0000000088400000| Complete 
| 133|0x0000000088500000, 0x0000000088600000, 0x0000000088600000|100%| O|  |TAMS 0x0000000088600000, 0x0000000088500000| Complete 
| 134|0x0000000088600000, 0x0000000088700000, 0x0000000088700000|100%| O|  |TAMS 0x0000000088700000, 0x0000000088600000| Complete 
| 135|0x0000000088700000, 0x0000000088700000, 0x0000000088800000|  0%| F|  |TAMS 0x0000000088700000, 0x0000000088700000| Untracked 
| 136|0x0000000088800000, 0x0000000088800000, 0x0000000088900000|  0%| F|  |TAMS 0x0000000088800000, 0x0000000088800000| Untracked 
| 137|0x0000000088900000, 0x0000000088a00000, 0x0000000088a00000|100%| O|  |TAMS 0x0000000088a00000, 0x0000000088900000| Complete 
| 138|0x0000000088a00000, 0x0000000088a00000, 0x0000000088b00000|  0%| F|  |TAMS 0x0000000088a00000, 0x0000000088a00000| Untracked 
| 139|0x0000000088b00000, 0x0000000088b00000, 0x0000000088c00000|  0%| F|  |TAMS 0x0000000088b00000, 0x0000000088b00000| Untracked 
| 140|0x0000000088c00000, 0x0000000088c00000, 0x0000000088d00000|  0%| F|  |TAMS 0x0000000088c00000, 0x0000000088c00000| Untracked 
| 141|0x0000000088d00000, 0x0000000088d00000, 0x0000000088e00000|  0%| F|  |TAMS 0x0000000088d00000, 0x0000000088d00000| Untracked 
| 142|0x0000000088e00000, 0x0000000088e00000, 0x0000000088f00000|  0%| F|  |TAMS 0x0000000088e00000, 0x0000000088e00000| Untracked 
| 143|0x0000000088f00000, 0x0000000088f00000, 0x0000000089000000|  0%| F|  |TAMS 0x0000000088f00000, 0x0000000088f00000| Untracked 
| 144|0x0000000089000000, 0x0000000089000000, 0x0000000089100000|  0%| F|  |TAMS 0x0000000089000000, 0x0000000089000000| Untracked 
| 145|0x0000000089100000, 0x0000000089100000, 0x0000000089200000|  0%| F|  |TAMS 0x0000000089100000, 0x0000000089100000| Untracked 
| 146|0x0000000089200000, 0x0000000089200000, 0x0000000089300000|  0%| F|  |TAMS 0x0000000089200000, 0x0000000089200000| Untracked 
| 147|0x0000000089300000, 0x0000000089300000, 0x0000000089400000|  0%| F|  |TAMS 0x0000000089300000, 0x0000000089300000| Untracked 
| 148|0x0000000089400000, 0x0000000089400000, 0x0000000089500000|  0%| F|  |TAMS 0x0000000089400000, 0x0000000089400000| Untracked 
| 149|0x0000000089500000, 0x0000000089500000, 0x0000000089600000|  0%| F|  |TAMS 0x0000000089500000, 0x0000000089500000| Untracked 
| 150|0x0000000089600000, 0x0000000089600000, 0x0000000089700000|  0%| F|  |TAMS 0x0000000089600000, 0x0000000089600000| Untracked 
| 151|0x0000000089700000, 0x0000000089700000, 0x0000000089800000|  0%| F|  |TAMS 0x0000000089700000, 0x0000000089700000| Untracked 
| 152|0x0000000089800000, 0x0000000089800000, 0x0000000089900000|  0%| F|  |TAMS 0x0000000089800000, 0x0000000089800000| Untracked 
| 153|0x0000000089900000, 0x0000000089900000, 0x0000000089a00000|  0%| F|  |TAMS 0x0000000089900000, 0x0000000089900000| Untracked 
| 154|0x0000000089a00000, 0x0000000089a00000, 0x0000000089b00000|  0%| F|  |TAMS 0x0000000089a00000, 0x0000000089a00000| Untracked 
| 155|0x0000000089b00000, 0x0000000089b00000, 0x0000000089c00000|  0%| F|  |TAMS 0x0000000089b00000, 0x0000000089b00000| Untracked 
| 156|0x0000000089c00000, 0x0000000089c00000, 0x0000000089d00000|  0%| F|  |TAMS 0x0000000089c00000, 0x0000000089c00000| Untracked 
| 157|0x0000000089d00000, 0x0000000089d33718, 0x0000000089e00000| 20%| S|CS|TAMS 0x0000000089d00000, 0x0000000089d00000| Complete 
| 158|0x0000000089e00000, 0x0000000089e00000, 0x0000000089f00000|  0%| F|  |TAMS 0x0000000089e00000, 0x0000000089e00000| Untracked 
| 159|0x0000000089f00000, 0x0000000089f00000, 0x000000008a000000|  0%| F|  |TAMS 0x0000000089f00000, 0x0000000089f00000| Untracked 
| 160|0x000000008a000000, 0x000000008a000000, 0x000000008a100000|  0%| F|  |TAMS 0x000000008a000000, 0x000000008a000000| Untracked 
| 161|0x000000008a100000, 0x000000008a200000, 0x000000008a200000|100%| S|CS|TAMS 0x000000008a100000, 0x000000008a100000| Complete 
| 162|0x000000008a200000, 0x000000008a300000, 0x000000008a300000|100%| S|CS|TAMS 0x000000008a200000, 0x000000008a200000| Complete 
| 163|0x000000008a300000, 0x000000008a400000, 0x000000008a400000|100%| S|CS|TAMS 0x000000008a300000, 0x000000008a300000| Complete 
| 164|0x000000008a400000, 0x000000008a400000, 0x000000008a500000|  0%| F|  |TAMS 0x000000008a400000, 0x000000008a400000| Untracked 
| 165|0x000000008a500000, 0x000000008a500000, 0x000000008a600000|  0%| F|  |TAMS 0x000000008a500000, 0x000000008a500000| Untracked 
| 166|0x000000008a600000, 0x000000008a600000, 0x000000008a700000|  0%| F|  |TAMS 0x000000008a600000, 0x000000008a600000| Untracked 
| 167|0x000000008a700000, 0x000000008a700000, 0x000000008a800000|  0%| F|  |TAMS 0x000000008a700000, 0x000000008a700000| Untracked 
| 168|0x000000008a800000, 0x000000008a800000, 0x000000008a900000|  0%| F|  |TAMS 0x000000008a800000, 0x000000008a800000| Untracked 
| 169|0x000000008a900000, 0x000000008a900000, 0x000000008aa00000|  0%| F|  |TAMS 0x000000008a900000, 0x000000008a900000| Untracked 
| 170|0x000000008aa00000, 0x000000008aa00000, 0x000000008ab00000|  0%| F|  |TAMS 0x000000008aa00000, 0x000000008aa00000| Untracked 
| 171|0x000000008ab00000, 0x000000008ab00000, 0x000000008ac00000|  0%| F|  |TAMS 0x000000008ab00000, 0x000000008ab00000| Untracked 
| 172|0x000000008ac00000, 0x000000008ac00000, 0x000000008ad00000|  0%| F|  |TAMS 0x000000008ac00000, 0x000000008ac00000| Untracked 
| 173|0x000000008ad00000, 0x000000008ad00000, 0x000000008ae00000|  0%| F|  |TAMS 0x000000008ad00000, 0x000000008ad00000| Untracked 
| 174|0x000000008ae00000, 0x000000008ae00000, 0x000000008af00000|  0%| F|  |TAMS 0x000000008ae00000, 0x000000008ae00000| Untracked 
| 175|0x000000008af00000, 0x000000008af00000, 0x000000008b000000|  0%| F|  |TAMS 0x000000008af00000, 0x000000008af00000| Untracked 
| 176|0x000000008b000000, 0x000000008b000000, 0x000000008b100000|  0%| F|  |TAMS 0x000000008b000000, 0x000000008b000000| Untracked 
| 177|0x000000008b100000, 0x000000008b100000, 0x000000008b200000|  0%| F|  |TAMS 0x000000008b100000, 0x000000008b100000| Untracked 
| 178|0x000000008b200000, 0x000000008b200000, 0x000000008b300000|  0%| F|  |TAMS 0x000000008b200000, 0x000000008b200000| Untracked 
| 179|0x000000008b300000, 0x000000008b300000, 0x000000008b400000|  0%| F|  |TAMS 0x000000008b300000, 0x000000008b300000| Untracked 
| 180|0x000000008b400000, 0x000000008b400000, 0x000000008b500000|  0%| F|  |TAMS 0x000000008b400000, 0x000000008b400000| Untracked 
| 181|0x000000008b500000, 0x000000008b500000, 0x000000008b600000|  0%| F|  |TAMS 0x000000008b500000, 0x000000008b500000| Untracked 
| 182|0x000000008b600000, 0x000000008b600000, 0x000000008b700000|  0%| F|  |TAMS 0x000000008b600000, 0x000000008b600000| Untracked 
| 183|0x000000008b700000, 0x000000008b700000, 0x000000008b800000|  0%| F|  |TAMS 0x000000008b700000, 0x000000008b700000| Untracked 
| 184|0x000000008b800000, 0x000000008b800000, 0x000000008b900000|  0%| F|  |TAMS 0x000000008b800000, 0x000000008b800000| Untracked 
| 185|0x000000008b900000, 0x000000008b900000, 0x000000008ba00000|  0%| F|  |TAMS 0x000000008b900000, 0x000000008b900000| Untracked 
| 186|0x000000008ba00000, 0x000000008ba00000, 0x000000008bb00000|  0%| F|  |TAMS 0x000000008ba00000, 0x000000008ba00000| Untracked 
| 187|0x000000008bb00000, 0x000000008bb00000, 0x000000008bc00000|  0%| F|  |TAMS 0x000000008bb00000, 0x000000008bb00000| Untracked 
| 188|0x000000008bc00000, 0x000000008bc00000, 0x000000008bd00000|  0%| F|  |TAMS 0x000000008bc00000, 0x000000008bc00000| Untracked 
| 189|0x000000008bd00000, 0x000000008bd00000, 0x000000008be00000|  0%| F|  |TAMS 0x000000008bd00000, 0x000000008bd00000| Untracked 
| 190|0x000000008be00000, 0x000000008be00000, 0x000000008bf00000|  0%| F|  |TAMS 0x000000008be00000, 0x000000008be00000| Untracked 
| 191|0x000000008bf00000, 0x000000008bf00000, 0x000000008c000000|  0%| F|  |TAMS 0x000000008bf00000, 0x000000008bf00000| Untracked 
| 192|0x000000008c000000, 0x000000008c000000, 0x000000008c100000|  0%| F|  |TAMS 0x000000008c000000, 0x000000008c000000| Untracked 
| 193|0x000000008c100000, 0x000000008c100000, 0x000000008c200000|  0%| F|  |TAMS 0x000000008c100000, 0x000000008c100000| Untracked 
| 194|0x000000008c200000, 0x000000008c200000, 0x000000008c300000|  0%| F|  |TAMS 0x000000008c200000, 0x000000008c200000| Untracked 
| 195|0x000000008c300000, 0x000000008c300000, 0x000000008c400000|  0%| F|  |TAMS 0x000000008c300000, 0x000000008c300000| Untracked 
| 196|0x000000008c400000, 0x000000008c400000, 0x000000008c500000|  0%| F|  |TAMS 0x000000008c400000, 0x000000008c400000| Untracked 
| 197|0x000000008c500000, 0x000000008c500000, 0x000000008c600000|  0%| F|  |TAMS 0x000000008c500000, 0x000000008c500000| Untracked 
| 198|0x000000008c600000, 0x000000008c600000, 0x000000008c700000|  0%| F|  |TAMS 0x000000008c600000, 0x000000008c600000| Untracked 
| 199|0x000000008c700000, 0x000000008c700000, 0x000000008c800000|  0%| F|  |TAMS 0x000000008c700000, 0x000000008c700000| Untracked 
| 200|0x000000008c800000, 0x000000008c800000, 0x000000008c900000|  0%| F|  |TAMS 0x000000008c800000, 0x000000008c800000| Untracked 
| 201|0x000000008c900000, 0x000000008c900000, 0x000000008ca00000|  0%| F|  |TAMS 0x000000008c900000, 0x000000008c900000| Untracked 
| 202|0x000000008ca00000, 0x000000008ca00000, 0x000000008cb00000|  0%| F|  |TAMS 0x000000008ca00000, 0x000000008ca00000| Untracked 
| 203|0x000000008cb00000, 0x000000008cb00000, 0x000000008cc00000|  0%| F|  |TAMS 0x000000008cb00000, 0x000000008cb00000| Untracked 
| 204|0x000000008cc00000, 0x000000008cc00000, 0x000000008cd00000|  0%| F|  |TAMS 0x000000008cc00000, 0x000000008cc00000| Untracked 
| 205|0x000000008cd00000, 0x000000008cd00000, 0x000000008ce00000|  0%| F|  |TAMS 0x000000008cd00000, 0x000000008cd00000| Untracked 
| 206|0x000000008ce00000, 0x000000008ce00000, 0x000000008cf00000|  0%| F|  |TAMS 0x000000008ce00000, 0x000000008ce00000| Untracked 
| 207|0x000000008cf00000, 0x000000008cf00000, 0x000000008d000000|  0%| F|  |TAMS 0x000000008cf00000, 0x000000008cf00000| Untracked 
| 208|0x000000008d000000, 0x000000008d000000, 0x000000008d100000|  0%| F|  |TAMS 0x000000008d000000, 0x000000008d000000| Untracked 
| 209|0x000000008d100000, 0x000000008d100000, 0x000000008d200000|  0%| F|  |TAMS 0x000000008d100000, 0x000000008d100000| Untracked 
| 210|0x000000008d200000, 0x000000008d200000, 0x000000008d300000|  0%| F|  |TAMS 0x000000008d200000, 0x000000008d200000| Untracked 
| 211|0x000000008d300000, 0x000000008d300000, 0x000000008d400000|  0%| F|  |TAMS 0x000000008d300000, 0x000000008d300000| Untracked 
| 212|0x000000008d400000, 0x000000008d400000, 0x000000008d500000|  0%| F|  |TAMS 0x000000008d400000, 0x000000008d400000| Untracked 
| 213|0x000000008d500000, 0x000000008d500000, 0x000000008d600000|  0%| F|  |TAMS 0x000000008d500000, 0x000000008d500000| Untracked 
| 214|0x000000008d600000, 0x000000008d600000, 0x000000008d700000|  0%| F|  |TAMS 0x000000008d600000, 0x000000008d600000| Untracked 
| 215|0x000000008d700000, 0x000000008d700000, 0x000000008d800000|  0%| F|  |TAMS 0x000000008d700000, 0x000000008d700000| Untracked 
| 216|0x000000008d800000, 0x000000008d800000, 0x000000008d900000|  0%| F|  |TAMS 0x000000008d800000, 0x000000008d800000| Untracked 
| 217|0x000000008d900000, 0x000000008d900000, 0x000000008da00000|  0%| F|  |TAMS 0x000000008d900000, 0x000000008d900000| Untracked 
| 218|0x000000008da00000, 0x000000008da00000, 0x000000008db00000|  0%| F|  |TAMS 0x000000008da00000, 0x000000008da00000| Untracked 
| 219|0x000000008db00000, 0x000000008db00000, 0x000000008dc00000|  0%| F|  |TAMS 0x000000008db00000, 0x000000008db00000| Untracked 
| 220|0x000000008dc00000, 0x000000008dc00000, 0x000000008dd00000|  0%| F|  |TAMS 0x000000008dc00000, 0x000000008dc00000| Untracked 
| 221|0x000000008dd00000, 0x000000008dd00000, 0x000000008de00000|  0%| F|  |TAMS 0x000000008dd00000, 0x000000008dd00000| Untracked 
| 222|0x000000008de00000, 0x000000008de00000, 0x000000008df00000|  0%| F|  |TAMS 0x000000008de00000, 0x000000008de00000| Untracked 
| 223|0x000000008df00000, 0x000000008df00000, 0x000000008e000000|  0%| F|  |TAMS 0x000000008df00000, 0x000000008df00000| Untracked 
| 224|0x000000008e000000, 0x000000008e000000, 0x000000008e100000|  0%| F|  |TAMS 0x000000008e000000, 0x000000008e000000| Untracked 
| 225|0x000000008e100000, 0x000000008e100000, 0x000000008e200000|  0%| F|  |TAMS 0x000000008e100000, 0x000000008e100000| Untracked 
| 226|0x000000008e200000, 0x000000008e200000, 0x000000008e300000|  0%| F|  |TAMS 0x000000008e200000, 0x000000008e200000| Untracked 
| 227|0x000000008e300000, 0x000000008e300000, 0x000000008e400000|  0%| F|  |TAMS 0x000000008e300000, 0x000000008e300000| Untracked 
| 228|0x000000008e400000, 0x000000008e400000, 0x000000008e500000|  0%| F|  |TAMS 0x000000008e400000, 0x000000008e400000| Untracked 
| 229|0x000000008e500000, 0x000000008e500000, 0x000000008e600000|  0%| F|  |TAMS 0x000000008e500000, 0x000000008e500000| Untracked 

Card table byte_map: [0x000001d724210000,0x000001d724610000] _byte_map_base: 0x000001d723e10000

Marking Bits (Prev, Next): (CMBitMap*) 0x000001d71175d6e0, (CMBitMap*) 0x000001d71175d6a8
 Prev Bits: [0x000001d726a10000, 0x000001d728a10000)
 Next Bits: [0x000001d724a10000, 0x000001d726a10000)

Polling page: 0x000001d70f540000

Metaspace:

Usage:
  Non-class:    117.59 MB capacity,   115.51 MB ( 98%) used,     1.67 MB (  1%) free+waste,   417.63 KB ( <1%) overhead. 
      Class:     17.68 MB capacity,    16.45 MB ( 93%) used,     1.05 MB (  6%) free+waste,   181.38 KB (  1%) overhead. 
       Both:    135.26 MB capacity,   131.96 MB ( 98%) used,     2.72 MB (  2%) free+waste,   599.00 KB ( <1%) overhead. 

Virtual space:
  Non-class space:      118.00 MB reserved,     117.75 MB (>99%) committed 
      Class space:        1.00 GB reserved,      17.75 MB (  2%) committed 
             Both:        1.12 GB reserved,     135.50 MB ( 12%) committed 

Chunk freelists:
   Non-Class:  40.00 KB
       Class:  0 bytes
        Both:  40.00 KB

MaxMetaspaceSize: 17179869184.00 GB
CompressedClassSpaceSize: 1.00 GB

CodeHeap 'non-profiled nmethods': size=120064Kb used=14961Kb max_used=15241Kb free=105102Kb
 bounds [0x000001d71ccd0000, 0x000001d71dbc0000, 0x000001d724210000]
CodeHeap 'profiled nmethods': size=120000Kb used=47776Kb max_used=49133Kb free=72223Kb
 bounds [0x000001d7157a0000, 0x000001d718830000, 0x000001d71ccd0000]
CodeHeap 'non-nmethods': size=5696Kb used=2372Kb max_used=2447Kb free=3323Kb
 bounds [0x000001d715210000, 0x000001d715490000, 0x000001d7157a0000]
 total_blobs=20878 nmethods=19863 adapters=926
 compilation: enabled
              stopped_count=0, restarted_count=0
 full_count=0

Compilation events (20 events):
Event: 7574.013 Thread 0x000001d72ae14000 23250       2       com.android.tools.r8.internal.mg::e (13 bytes)
Event: 7574.013 Thread 0x000001d72ae14000 nmethod 23250 0x000001d715e2cc10 code [0x000001d715e2cdc0, 0x000001d715e2ced8]
Event: 7574.013 Thread 0x000001d72ae14000 23251       2       com.android.tools.r8.naming.K$b::a (5 bytes)
Event: 7574.014 Thread 0x000001d72ae14000 nmethod 23251 0x000001d715e2c890 code [0x000001d715e2ca40, 0x000001d715e2cb38]
Event: 7574.018 Thread 0x000001d72ae14000 23253       1       com.android.tools.r8.internal.hb::a (5 bytes)
Event: 7574.019 Thread 0x000001d72ae14000 nmethod 23253 0x000001d71d2e8d90 code [0x000001d71d2e8f40, 0x000001d71d2e8ff8]
Event: 7574.019 Thread 0x000001d72ae14000 23254       2       com.android.tools.r8.graph.o0::d (34 bytes)
Event: 7574.020 Thread 0x000001d72ae14000 nmethod 23254 0x000001d715e2c290 code [0x000001d715e2c460, 0x000001d715e2c6e8]
Event: 7574.020 Thread 0x000001d72ae14000 23255       2       com.android.tools.r8.graph.o0::a (31 bytes)
Event: 7574.021 Thread 0x000001d72ae14000 nmethod 23255 0x000001d715e2be10 code [0x000001d715e2bfe0, 0x000001d715e2c158]
Event: 7574.021 Thread 0x000001d72ae14000 23256       2       com.android.tools.r8.graph.o0::b (45 bytes)
Event: 7574.021 Thread 0x000001d72ae14000 nmethod 23256 0x000001d715e2b810 code [0x000001d715e2ba00, 0x000001d715e2bc88]
Event: 7574.022 Thread 0x000001d72ae14000 23257       2       com.android.tools.r8.graph.r::a (19 bytes)
Event: 7574.022 Thread 0x000001d72ae14000 nmethod 23257 0x000001d715e2b390 code [0x000001d715e2b540, 0x000001d715e2b6e8]
Event: 7574.023 Thread 0x000001d72ae14000 23258       2       com.android.tools.r8.graph.j0$l::a (93 bytes)
Event: 7574.025 Thread 0x000001d72ae14000 nmethod 23258 0x000001d715e2a790 code [0x000001d715e2a9c0, 0x000001d715e2af38]
Event: 7574.036 Thread 0x000001d72ae14000 23260       2       com.android.tools.r8.code.P1::H (4 bytes)
Event: 7574.036 Thread 0x000001d72ae14000 nmethod 23260 0x000001d715e2a410 code [0x000001d715e2a5c0, 0x000001d715e2a6b8]
Event: 7574.040 Thread 0x000001d72ae14000 23263       2       com.android.tools.r8.graph.Z::a (222 bytes)
Event: 7574.044 Thread 0x000001d72ae14000 nmethod 23263 0x000001d715e87e90 code [0x000001d715e88200, 0x000001d715e89158]

GC Heap History (20 events):
Event: 7563.673 GC heap after
{Heap after GC invocations=218 (full 0):
 garbage-first heap   total 235520K, used 134570K [0x0000000080000000, 0x0000000100000000)
  region size 1024K, 2 young (2048K), 2 survivors (2048K)
 Metaspace       used 135061K, capacity 138430K, committed 138752K, reserved 1169408K
  class space    used 16847K, capacity 18098K, committed 18176K, reserved 1048576K
}
Event: 7565.420 GC heap before
{Heap before GC invocations=219 (full 0):
 garbage-first heap   total 235520K, used 204202K [0x0000000080000000, 0x0000000100000000)
  region size 1024K, 70 young (71680K), 2 survivors (2048K)
 Metaspace       used 135067K, capacity 138430K, committed 138752K, reserved 1169408K
  class space    used 16847K, capacity 18098K, committed 18176K, reserved 1048576K
}
Event: 7565.441 GC heap after
{Heap after GC invocations=220 (full 0):
 garbage-first heap   total 235520K, used 136157K [0x0000000080000000, 0x0000000100000000)
  region size 1024K, 4 young (4096K), 4 survivors (4096K)
 Metaspace       used 135067K, capacity 138430K, committed 138752K, reserved 1169408K
  class space    used 16847K, capacity 18098K, committed 18176K, reserved 1048576K
}
Event: 7565.597 GC heap before
{Heap before GC invocations=220 (full 0):
 garbage-first heap   total 235520K, used 143325K [0x0000000080000000, 0x0000000100000000)
  region size 1024K, 11 young (11264K), 4 survivors (4096K)
 Metaspace       used 135067K, capacity 138430K, committed 138752K, reserved 1169408K
  class space    used 16847K, capacity 18098K, committed 18176K, reserved 1048576K
}
Event: 7565.616 GC heap after
{Heap after GC invocations=221 (full 0):
 garbage-first heap   total 235520K, used 135474K [0x0000000080000000, 0x0000000100000000)
  region size 1024K, 1 young (1024K), 1 survivors (1024K)
 Metaspace       used 135067K, capacity 138430K, committed 138752K, reserved 1169408K
  class space    used 16847K, capacity 18098K, committed 18176K, reserved 1048576K
}
Event: 7566.355 GC heap before
{Heap before GC invocations=221 (full 0):
 garbage-first heap   total 235520K, used 204082K [0x0000000080000000, 0x0000000100000000)
  region size 1024K, 68 young (69632K), 1 survivors (1024K)
 Metaspace       used 135071K, capacity 138430K, committed 138752K, reserved 1169408K
  class space    used 16847K, capacity 18098K, committed 18176K, reserved 1048576K
}
Event: 7566.367 GC heap after
{Heap after GC invocations=222 (full 0):
 garbage-first heap   total 235520K, used 135893K [0x0000000080000000, 0x0000000100000000)
  region size 1024K, 1 young (1024K), 1 survivors (1024K)
 Metaspace       used 135071K, capacity 138430K, committed 138752K, reserved 1169408K
  class space    used 16847K, capacity 18098K, committed 18176K, reserved 1048576K
}
Event: 7568.254 GC heap before
{Heap before GC invocations=223 (full 0):
 garbage-first heap   total 235520K, used 203477K [0x0000000080000000, 0x0000000100000000)
  region size 1024K, 68 young (69632K), 1 survivors (1024K)
 Metaspace       used 135099K, capacity 138442K, committed 138752K, reserved 1169408K
  class space    used 16849K, capacity 18101K, committed 18176K, reserved 1048576K
}
Event: 7568.269 GC heap after
{Heap after GC invocations=224 (full 0):
 garbage-first heap   total 235520K, used 136669K [0x0000000080000000, 0x0000000100000000)
  region size 1024K, 2 young (2048K), 2 survivors (2048K)
 Metaspace       used 135099K, capacity 138442K, committed 138752K, reserved 1169408K
  class space    used 16849K, capacity 18101K, committed 18176K, reserved 1048576K
}
Event: 7568.524 GC heap before
{Heap before GC invocations=224 (full 0):
 garbage-first heap   total 235520K, used 145885K [0x0000000080000000, 0x0000000100000000)
  region size 1024K, 11 young (11264K), 2 survivors (2048K)
 Metaspace       used 135100K, capacity 138442K, committed 138752K, reserved 1169408K
  class space    used 16849K, capacity 18101K, committed 18176K, reserved 1048576K
}
Event: 7568.533 GC heap after
{Heap after GC invocations=225 (full 0):
 garbage-first heap   total 235520K, used 135241K [0x0000000080000000, 0x0000000100000000)
  region size 1024K, 1 young (1024K), 1 survivors (1024K)
 Metaspace       used 135100K, capacity 138442K, committed 138752K, reserved 1169408K
  class space    used 16849K, capacity 18101K, committed 18176K, reserved 1048576K
}
Event: 7569.434 GC heap before
{Heap before GC invocations=225 (full 0):
 garbage-first heap   total 235520K, used 203849K [0x0000000080000000, 0x0000000100000000)
  region size 1024K, 68 young (69632K), 1 survivors (1024K)
 Metaspace       used 135101K, capacity 138442K, committed 138752K, reserved 1169408K
  class space    used 16849K, capacity 18101K, committed 18176K, reserved 1048576K
}
Event: 7569.446 GC heap after
{Heap after GC invocations=226 (full 0):
 garbage-first heap   total 235520K, used 136579K [0x0000000080000000, 0x0000000100000000)
  region size 1024K, 2 young (2048K), 2 survivors (2048K)
 Metaspace       used 135101K, capacity 138442K, committed 138752K, reserved 1169408K
  class space    used 16849K, capacity 18101K, committed 18176K, reserved 1048576K
}
Event: 7571.772 GC heap before
{Heap before GC invocations=227 (full 0):
 garbage-first heap   total 235520K, used 205187K [0x0000000080000000, 0x0000000100000000)
  region size 1024K, 69 young (70656K), 2 survivors (2048K)
 Metaspace       used 135109K, capacity 138445K, committed 138752K, reserved 1169408K
  class space    used 16849K, capacity 18102K, committed 18176K, reserved 1048576K
}
Event: 7571.786 GC heap after
{Heap after GC invocations=228 (full 0):
 garbage-first heap   total 235520K, used 136610K [0x0000000080000000, 0x0000000100000000)
  region size 1024K, 2 young (2048K), 2 survivors (2048K)
 Metaspace       used 135109K, capacity 138445K, committed 138752K, reserved 1169408K
  class space    used 16849K, capacity 18102K, committed 18176K, reserved 1048576K
}
Event: 7571.888 GC heap before
{Heap before GC invocations=228 (full 0):
 garbage-first heap   total 235520K, used 144802K [0x0000000080000000, 0x0000000100000000)
  region size 1024K, 11 young (11264K), 2 survivors (2048K)
 Metaspace       used 135113K, capacity 138445K, committed 138752K, reserved 1169408K
  class space    used 16849K, capacity 18102K, committed 18176K, reserved 1048576K
}
Event: 7571.906 GC heap after
{Heap after GC invocations=229 (full 0):
 garbage-first heap   total 235520K, used 135309K [0x0000000080000000, 0x0000000100000000)
  region size 1024K, 1 young (1024K), 1 survivors (1024K)
 Metaspace       used 135113K, capacity 138445K, committed 138752K, reserved 1169408K
  class space    used 16849K, capacity 18102K, committed 18176K, reserved 1048576K
}
Event: 7572.645 GC heap before
{Heap before GC invocations=229 (full 0):
 garbage-first heap   total 235520K, used 204941K [0x0000000080000000, 0x0000000100000000)
  region size 1024K, 69 young (70656K), 1 survivors (1024K)
 Metaspace       used 135117K, capacity 138445K, committed 138752K, reserved 1169408K
  class space    used 16849K, capacity 18102K, committed 18176K, reserved 1048576K
}
Event: 7572.667 GC heap after
{Heap after GC invocations=230 (full 0):
 garbage-first heap   total 235520K, used 137103K [0x0000000080000000, 0x0000000100000000)
  region size 1024K, 3 young (3072K), 3 survivors (3072K)
 Metaspace       used 135117K, capacity 138445K, committed 138752K, reserved 1169408K
  class space    used 16849K, capacity 18102K, committed 18176K, reserved 1048576K
}
Event: 7574.056 GC heap before
{Heap before GC invocations=231 (full 0):
 garbage-first heap   total 235520K, used 204687K [0x0000000080000000, 0x0000000100000000)
  region size 1024K, 69 young (70656K), 3 survivors (3072K)
 Metaspace       used 135128K, capacity 138510K, committed 138752K, reserved 1169408K
  class space    used 16849K, capacity 18102K, committed 18176K, reserved 1048576K
}

Deoptimization events (20 events):
Event: 7569.137 Thread 0x000001d73278d800 DEOPT PACKING pc=0x000001d71827b3cc sp=0x0000006979bf8d80
Event: 7569.137 Thread 0x000001d73278d800 DEOPT UNPACKING pc=0x000001d715236abf sp=0x0000006979bf83b8 mode 0
Event: 7569.999 Thread 0x000001d72e2bc000 Uncommon trap: trap_request=0xffffffd6 fr.pc=0x000001d71ced4e64 relative=0x00000000000018e4
Event: 7569.999 Thread 0x000001d72e2bc000 Uncommon trap: reason=array_check action=maybe_recompile pc=0x000001d71ced4e64 method=java.util.TimSort.reverseRange([Ljava/lang/Object;II)V @ 27 c2
Event: 7569.999 Thread 0x000001d72e2bc000 DEOPT PACKING pc=0x000001d71ced4e64 sp=0x00000069786f5000
Event: 7569.999 Thread 0x000001d72e2bc000 DEOPT UNPACKING pc=0x000001d715236ca9 sp=0x00000069786f4ec8 mode 2
Event: 7569.999 Thread 0x000001d72e2bc000 Uncommon trap: trap_request=0xffffffd6 fr.pc=0x000001d71ced4e64 relative=0x00000000000018e4
Event: 7569.999 Thread 0x000001d72e2bc000 Uncommon trap: reason=array_check action=maybe_recompile pc=0x000001d71ced4e64 method=java.util.TimSort.reverseRange([Ljava/lang/Object;II)V @ 27 c2
Event: 7569.999 Thread 0x000001d72e2bc000 DEOPT PACKING pc=0x000001d71ced4e64 sp=0x00000069786f4f80
Event: 7569.999 Thread 0x000001d72e2bc000 DEOPT UNPACKING pc=0x000001d715236ca9 sp=0x00000069786f4e48 mode 2
Event: 7570.194 Thread 0x000001d73278d800 Uncommon trap: trap_request=0xffffff76 fr.pc=0x000001d71d3e227c relative=0x0000000000000d3c
Event: 7570.194 Thread 0x000001d73278d800 Uncommon trap: reason=loop_limit_check action=maybe_recompile pc=0x000001d71d3e227c method=com.android.tools.r8.internal.f9.b(Lcom/android/tools/r8/internal/uh;Lcom/android/tools/r8/internal/uh;)Z @ 65 c2
Event: 7570.194 Thread 0x000001d73278d800 DEOPT PACKING pc=0x000001d71d3e227c sp=0x0000006979bf95c0
Event: 7570.194 Thread 0x000001d73278d800 DEOPT UNPACKING pc=0x000001d715236ca9 sp=0x0000006979bf9540 mode 2
Event: 7570.955 Thread 0x000001d73278d800 DEOPT PACKING pc=0x000001d7187b1394 sp=0x0000006979bf8fc0
Event: 7570.955 Thread 0x000001d73278d800 DEOPT UNPACKING pc=0x000001d715236abf sp=0x0000006979bf8788 mode 0
Event: 7572.062 Thread 0x000001d73278d800 DEOPT PACKING pc=0x000001d71827b3cc sp=0x0000006979bf8d80
Event: 7572.062 Thread 0x000001d73278d800 DEOPT UNPACKING pc=0x000001d715236abf sp=0x0000006979bf83b8 mode 0
Event: 7574.000 Thread 0x000001d72e2bc000 DEOPT PACKING pc=0x000001d71827b3cc sp=0x00000069786f3460
Event: 7574.000 Thread 0x000001d72e2bc000 DEOPT UNPACKING pc=0x000001d715236abf sp=0x00000069786f2a98 mode 0

Classes redefined (0 events):
No events

Internal exceptions (20 events):
Event: 7546.751 Thread 0x000001d73278d800 Exception <a 'java/lang/NoSuchMethodError'{0x000000008a6d75d8}: 'java.lang.Object java.lang.invoke.Invokers$Holder.linkToTargetMethod(java.lang.Object, java.lang.Object, java.lang.Object, java.lang.Object, java.lang.Object, java.lang.Object, java.lang.Object, java.lang.Object, java.lang.Object, java.lang.Object)'> (0x000000008a6d75d8) thrown at [./src/hotspot/share/interpreter/linkResolver.cpp, line 773]
Event: 7547.498 Thread 0x000001d73278d800 Exception <a 'java/lang/IncompatibleClassChangeError'{0x000000008e02c268}: Found class java.lang.Object, but interface was expected> (0x000000008e02c268) thrown at [./src/hotspot/share/interpreter/linkResolver.cpp, line 839]
Event: 7548.196 Thread 0x000001d73278d800 Exception <a 'java/lang/NoSuchMethodError'{0x000000008c687ac0}: 'int java.lang.invoke.DirectMethodHandle$Holder.invokeSpecial(java.lang.Object, java.lang.Object, java.lang.Object, java.lang.Object, java.lang.Object, java.lang.Object)'> (0x000000008c687ac0) thrown at [./src/hotspot/share/interpreter/linkResolver.cpp, line 773]
Event: 7548.592 Thread 0x000001d73278d800 Exception <a 'sun/nio/fs/WindowsException'{0x000000008bdcd8d8}> (0x000000008bdcd8d8) thrown at [./src/hotspot/share/prims/jni.cpp, line 615]
Event: 7551.528 Thread 0x000001d73278d800 Exception <a 'sun/nio/fs/WindowsException'{0x000000008e5b0800}> (0x000000008e5b0800) thrown at [./src/hotspot/share/prims/jni.cpp, line 615]
Event: 7555.315 Thread 0x000001d72e2bc000 Exception <a 'sun/nio/fs/WindowsException'{0x000000008b352000}> (0x000000008b352000) thrown at [./src/hotspot/share/prims/jni.cpp, line 615]
Event: 7557.170 Thread 0x000001d72e2bc000 Exception <a 'sun/nio/fs/WindowsException'{0x000000008a9f3a50}> (0x000000008a9f3a50) thrown at [./src/hotspot/share/prims/jni.cpp, line 615]
Event: 7558.416 Thread 0x000001d72e2bc000 Exception <a 'sun/nio/fs/WindowsException'{0x000000008be9c4e0}> (0x000000008be9c4e0) thrown at [./src/hotspot/share/prims/jni.cpp, line 615]
Event: 7559.405 Thread 0x000001d72e2bc000 Exception <a 'sun/nio/fs/WindowsException'{0x000000008c5c5348}> (0x000000008c5c5348) thrown at [./src/hotspot/share/prims/jni.cpp, line 615]
Event: 7561.077 Thread 0x000001d72e2bc000 Exception <a 'sun/nio/fs/WindowsException'{0x000000008c8f8028}> (0x000000008c8f8028) thrown at [./src/hotspot/share/prims/jni.cpp, line 615]
Event: 7562.585 Thread 0x000001d72e2bc000 Exception <a 'sun/nio/fs/WindowsException'{0x000000008db99f20}> (0x000000008db99f20) thrown at [./src/hotspot/share/prims/jni.cpp, line 615]
Event: 7563.042 Thread 0x000001d72e2bc000 Exception <a 'sun/nio/fs/WindowsException'{0x000000008cbf58f0}> (0x000000008cbf58f0) thrown at [./src/hotspot/share/prims/jni.cpp, line 615]
Event: 7563.215 Thread 0x000001d72e2bc000 Implicit null exception at 0x000001d71cf85c20 to 0x000001d71cf86394
Event: 7564.593 Thread 0x000001d72e2bc000 Exception <a 'sun/nio/fs/WindowsException'{0x000000008cff64f0}> (0x000000008cff64f0) thrown at [./src/hotspot/share/prims/jni.cpp, line 615]
Event: 7565.999 Thread 0x000001d72e2bc000 Implicit null exception at 0x000001d71d354fed to 0x000001d71d355018
Event: 7567.814 Thread 0x000001d72e2bc000 Implicit null exception at 0x000001d71ce8f0eb to 0x000001d71ce8f10c
Event: 7568.054 Thread 0x000001d72e2bc000 Exception <a 'sun/nio/fs/WindowsException'{0x000000008a924450}> (0x000000008a924450) thrown at [./src/hotspot/share/prims/jni.cpp, line 615]
Event: 7569.301 Thread 0x000001d72e2bc000 Exception <a 'sun/nio/fs/WindowsException'{0x000000008abb9690}> (0x000000008abb9690) thrown at [./src/hotspot/share/prims/jni.cpp, line 615]
Event: 7570.008 Thread 0x000001d72e2bc000 Exception <a 'sun/nio/fs/WindowsException'{0x000000008e40e6f8}> (0x000000008e40e6f8) thrown at [./src/hotspot/share/prims/jni.cpp, line 615]
Event: 7571.925 Thread 0x000001d72e2bc000 Exception <a 'sun/nio/fs/WindowsException'{0x000000008e48b470}> (0x000000008e48b470) thrown at [./src/hotspot/share/prims/jni.cpp, line 615]

Events (20 events):
Event: 7569.446 Executing VM operation: G1CollectForAllocation done
Event: 7569.898 Executing VM operation: CGC_Operation
Event: 7569.981 Executing VM operation: CGC_Operation done
Event: 7570.173 Executing VM operation: CGC_Operation
Event: 7570.184 Executing VM operation: CGC_Operation done
Event: 7571.540 loading class com/android/tools/r8/code/G0
Event: 7571.540 loading class com/android/tools/r8/code/G0 done
Event: 7571.540 loading class com/android/tools/r8/code/G0
Event: 7571.540 loading class com/android/tools/r8/code/G0 done
Event: 7571.770 Executing VM operation: G1CollectForAllocation
Event: 7571.786 Executing VM operation: G1CollectForAllocation done
Event: 7571.888 Executing VM operation: G1CollectForAllocation
Event: 7571.906 Executing VM operation: G1CollectForAllocation done
Event: 7572.644 Executing VM operation: G1CollectForAllocation
Event: 7572.667 Executing VM operation: G1CollectForAllocation done
Event: 7573.042 Executing VM operation: CGC_Operation
Event: 7573.115 Executing VM operation: CGC_Operation done
Event: 7573.314 Executing VM operation: CGC_Operation
Event: 7573.314 Executing VM operation: CGC_Operation done
Event: 7574.054 Executing VM operation: G1CollectForAllocation


Dynamic libraries:
0x00007ff6aaa90000 - 0x00007ff6aaa9a000 	C:\Program Files\Android\Android Studio\jre\bin\java.exe
0x00007ff95d310000 - 0x00007ff95d505000 	C:\windows\SYSTEM32\ntdll.dll
0x00007ff95b600000 - 0x00007ff95b6be000 	C:\windows\System32\KERNEL32.DLL
0x00007ff95acc0000 - 0x00007ff95af88000 	C:\windows\System32\KERNELBASE.dll
0x00007ff95b200000 - 0x00007ff95b300000 	C:\windows\System32\ucrtbase.dll
0x00007ff955770000 - 0x00007ff955789000 	C:\Program Files\Android\Android Studio\jre\bin\jli.dll
0x00007ff95c010000 - 0x00007ff95c1b0000 	C:\windows\System32\USER32.dll
0x00007ff95b300000 - 0x00007ff95b322000 	C:\windows\System32\win32u.dll
0x00007ff95b570000 - 0x00007ff95b59b000 	C:\windows\System32\GDI32.dll
0x00007ff95af90000 - 0x00007ff95b09d000 	C:\windows\System32\gdi32full.dll
0x00007ff95b0f0000 - 0x00007ff95b18d000 	C:\windows\System32\msvcp_win.dll
0x00007ff952d10000 - 0x00007ff952d27000 	C:\Program Files\Android\Android Studio\jre\bin\VCRUNTIME140.dll
0x00007ff944880000 - 0x00007ff944b1a000 	C:\windows\WinSxS\amd64_microsoft.windows.common-controls_6595b64144ccf1df_6.0.19041.1110_none_60b5254171f9507e\COMCTL32.dll
0x00007ff95bf70000 - 0x00007ff95c00e000 	C:\windows\System32\msvcrt.dll
0x00007ff95b540000 - 0x00007ff95b570000 	C:\windows\System32\IMM32.DLL
0x00007ff936560000 - 0x00007ff9365fd000 	C:\Program Files\Android\Android Studio\jre\bin\msvcp140.dll
0x00007ff8e1b90000 - 0x00007ff8e265f000 	C:\Program Files\Android\Android Studio\jre\bin\server\jvm.dll
0x00007ff95b490000 - 0x00007ff95b53e000 	C:\windows\System32\ADVAPI32.dll
0x00007ff95b840000 - 0x00007ff95b8dc000 	C:\windows\System32\sechost.dll
0x00007ff95b360000 - 0x00007ff95b485000 	C:\windows\System32\RPCRT4.dll
0x00007ff95c630000 - 0x00007ff95c638000 	C:\windows\System32\PSAPI.DLL
0x00007ff956930000 - 0x00007ff956939000 	C:\windows\SYSTEM32\WSOCK32.dll
0x00007ff95bf00000 - 0x00007ff95bf6b000 	C:\windows\System32\WS2_32.dll
0x00007ff9360b0000 - 0x00007ff9360d7000 	C:\windows\SYSTEM32\WINMM.dll
0x00007ff9503a0000 - 0x00007ff9503aa000 	C:\windows\SYSTEM32\VERSION.dll
0x00007ff9592a0000 - 0x00007ff9592b2000 	C:\windows\SYSTEM32\kernel.appcore.dll
0x00007ff955850000 - 0x00007ff955861000 	C:\Program Files\Android\Android Studio\jre\bin\verify.dll
0x00007ff958fc0000 - 0x00007ff9591a4000 	C:\windows\SYSTEM32\DBGHELP.DLL
0x00007ff943c50000 - 0x00007ff943c7c000 	C:\windows\SYSTEM32\dbgcore.DLL
0x00007ff95aa20000 - 0x00007ff95aaa2000 	C:\windows\System32\bcryptPrimitives.dll
0x00007ff9557e0000 - 0x00007ff955809000 	C:\Program Files\Android\Android Studio\jre\bin\java.dll
0x00007ff9557d0000 - 0x00007ff9557db000 	C:\Program Files\Android\Android Studio\jre\bin\jimage.dll
0x00007ff9557b0000 - 0x00007ff9557c8000 	C:\Program Files\Android\Android Studio\jre\bin\zip.dll
0x00007ff95c7e0000 - 0x00007ff95cf24000 	C:\windows\System32\SHELL32.dll
0x00007ff958750000 - 0x00007ff958ee4000 	C:\windows\SYSTEM32\windows.storage.dll
0x00007ff95bba0000 - 0x00007ff95bef5000 	C:\windows\System32\combase.dll
0x00007ff95a3a0000 - 0x00007ff95a3ce000 	C:\windows\SYSTEM32\Wldp.dll
0x00007ff95d1c0000 - 0x00007ff95d26d000 	C:\windows\System32\SHCORE.dll
0x00007ff95d160000 - 0x00007ff95d1b5000 	C:\windows\System32\shlwapi.dll
0x00007ff95a960000 - 0x00007ff95a97f000 	C:\windows\SYSTEM32\profapi.dll
0x00007ff955790000 - 0x00007ff9557aa000 	C:\Program Files\Android\Android Studio\jre\bin\net.dll
0x00007ff9434c0000 - 0x00007ff9435cc000 	C:\windows\SYSTEM32\WINHTTP.dll
0x00007ff95a100000 - 0x00007ff95a16a000 	C:\windows\system32\mswsock.dll
0x00007ff9536d0000 - 0x00007ff9536e4000 	C:\Program Files\Android\Android Studio\jre\bin\nio.dll
0x00007ff93bc70000 - 0x00007ff93bc97000 	C:\Users\sander kerby\.gradle\native\8bec1ad78214c89d9ad589b4d07fe93259594b29d510b10fafb7a158f7737e5d\windows-amd64\native-platform.dll
0x00007ff93b0c0000 - 0x00007ff93b1fd000 	C:\Users\sander kerby\.gradle\native\53dbd7edfb1c66fb8903c78663c9afc45aea4f116125fa6feffd364cf09443e8\windows-amd64\native-platform-file-events.dll
0x00007ff9538d0000 - 0x00007ff9538da000 	C:\Program Files\Android\Android Studio\jre\bin\management.dll
0x00007ff9536c0000 - 0x00007ff9536cc000 	C:\Program Files\Android\Android Studio\jre\bin\management_ext.dll
0x00007ff95a300000 - 0x00007ff95a318000 	C:\windows\SYSTEM32\CRYPTSP.dll
0x00007ff959a80000 - 0x00007ff959ab4000 	C:\windows\system32\rsaenh.dll
0x00007ff95b330000 - 0x00007ff95b357000 	C:\windows\System32\bcrypt.dll
0x00007ff95a8e0000 - 0x00007ff95a90e000 	C:\windows\SYSTEM32\USERENV.dll
0x00007ff95a2f0000 - 0x00007ff95a2fc000 	C:\windows\SYSTEM32\CRYPTBASE.dll
0x00007ff959df0000 - 0x00007ff959e2b000 	C:\windows\SYSTEM32\IPHLPAPI.DLL
0x00007ff95c640000 - 0x00007ff95c648000 	C:\windows\System32\NSI.dll
0x00007ff947f90000 - 0x00007ff947fa7000 	C:\windows\SYSTEM32\dhcpcsvc6.DLL
0x00007ff947f10000 - 0x00007ff947f2d000 	C:\windows\SYSTEM32\dhcpcsvc.DLL
0x00007ff959e30000 - 0x00007ff959efb000 	C:\windows\SYSTEM32\DNSAPI.dll
0x00007ff93c280000 - 0x00007ff93c2a7000 	C:\Program Files\Android\Android Studio\jre\bin\sunec.dll
0x00007ff93c420000 - 0x00007ff93c42a000 	C:\Windows\System32\rasadhlp.dll
0x00007ff93c2b0000 - 0x00007ff93c32f000 	C:\windows\System32\fwpuclnt.dll

dbghelp: loaded successfully - version: 4.0.5 - missing functions: none
symbol engine: initialized successfully - sym options: 0x614 - pdb path: .;C:\Program Files\Android\Android Studio\jre\bin;C:\windows\SYSTEM32;C:\windows\WinSxS\amd64_microsoft.windows.common-controls_6595b64144ccf1df_6.0.19041.1110_none_60b5254171f9507e;C:\Program Files\Android\Android Studio\jre\bin\server;C:\Users\sander kerby\.gradle\native\8bec1ad78214c89d9ad589b4d07fe93259594b29d510b10fafb7a158f7737e5d\windows-amd64;C:\Users\sander kerby\.gradle\native\53dbd7edfb1c66fb8903c78663c9afc45aea4f116125fa6feffd364cf09443e8\windows-amd64

VM Arguments:
jvm_args: --add-opens=java.base/java.util=ALL-UNNAMED --add-opens=java.base/java.lang=ALL-UNNAMED --add-opens=java.base/java.lang.invoke=ALL-UNNAMED --add-opens=java.base/java.util=ALL-UNNAMED --add-opens=java.prefs/java.util.prefs=ALL-UNNAMED --add-opens=java.prefs/java.util.prefs=ALL-UNNAMED --add-opens=java.base/java.nio.charset=ALL-UNNAMED --add-opens=java.base/java.net=ALL-UNNAMED --add-opens=java.base/java.util.concurrent.atomic=ALL-UNNAMED -Xmx2048m -Dfile.encoding=UTF-8 -Duser.country=US -Duser.language=en -Duser.variant 
java_command: org.gradle.launcher.daemon.bootstrap.GradleDaemon 7.0.2
java_class_path (initial): C:\Users\sander kerby\.gradle\wrapper\dists\gradle-7.0.2-bin\857tjihv64xamwrf0h14cai3r\gradle-7.0.2\lib\gradle-launcher-7.0.2.jar
Launcher Type: SUN_STANDARD

[Global flags]
     intx CICompilerCount                          = 2                                         {product} {ergonomic}
     uint ConcGCThreads                            = 1                                         {product} {ergonomic}
     uint G1ConcRefinementThreads                  = 2                                         {product} {ergonomic}
   size_t G1HeapRegionSize                         = 1048576                                   {product} {ergonomic}
    uintx GCDrainStackTargetSize                   = 64                                        {product} {ergonomic}
   size_t InitialHeapSize                          = 65011712                                  {product} {ergonomic}
   size_t MarkStackSize                            = 4194304                                   {product} {ergonomic}
   size_t MaxHeapSize                              = 2147483648                                {product} {command line}
   size_t MaxNewSize                               = 1287651328                                {product} {ergonomic}
   size_t MinHeapDeltaBytes                        = 1048576                                   {product} {ergonomic}
    uintx NonNMethodCodeHeapSize                   = 5825164                                {pd product} {ergonomic}
    uintx NonProfiledCodeHeapSize                  = 122916538                              {pd product} {ergonomic}
    uintx ProfiledCodeHeapSize                     = 122916538                              {pd product} {ergonomic}
    uintx ReservedCodeCacheSize                    = 251658240                              {pd product} {ergonomic}
     bool SegmentedCodeCache                       = true                                      {product} {ergonomic}
     bool UseCompressedClassPointers               = true                                 {lp64_product} {ergonomic}
     bool UseCompressedOops                        = true                                 {lp64_product} {ergonomic}
     bool UseG1GC                                  = true                                      {product} {ergonomic}
     bool UseLargePagesIndividualAllocation        = false                                  {pd product} {ergonomic}

Logging:
Log output configuration:
 #0: stdout all=warning uptime,level,tags
 #1: stderr all=off uptime,level,tags

Environment Variables:
JAVA_HOME=C:\Program Files\Java\jdk-16.0.2
PATH=C:\Program Files\Common Files\Oracle\Java\javapath;C:\app\sanderkerby\product\11.2.0\dbhome_1\bin;C:\windows\system32;C:\windows;C:\windows\System32\Wbem;C:\windows\System32\WindowsPowerShell\v1.0\;C:\windows\System32\OpenSSH\;C:\Windows\System32;C:\Program Files\Java\jdk-16.0.2\bin;C:\Program Files\Git\cmd;C:\Users\sander kerby\AppData\Local\Microsoft\WindowsApps;C:\Program Files\JetBrains\PyCharm Community Edition 2021.1.3\bin;;C:\Windows\System32;C:\Users\sander kerby\AppData\Local\Programs\Microsoft VS Code\bin;D:\tout\cours pour 2022\php-8.1.2-nts-Win32-vs16-x64;
USERNAME=sander kerby
OS=Windows_NT
PROCESSOR_IDENTIFIER=Intel64 Family 6 Model 122 Stepping 8, GenuineIntel



---------------  S Y S T E M  ---------------

OS: Windows 10 , 64 bit Build 19041 (10.0.19041.1503)
OS uptime: 0 days 3:41 hours

CPU:total 2 (initial active 2) (2 cores per cpu, 1 threads per core) family 6 model 122 stepping 8 microcode 0x1a, cmov, cx8, fxsr, mmx, sse, sse2, sse3, ssse3, sse4.1, sse4.2, popcnt, aes, clmul, erms, 3dnowpref, tsc, tscinvbit, sha

Memory: 4k page, system-wide physical 3912M (655M free)
TotalPageFile size 8768M (AvailPageFile size 28M)
current process WorkingSet (physical memory assigned to process): 538M, peak: 544M
current process commit charge ("private bytes"): 644M, peak: 690M

vm_info: OpenJDK 64-Bit Server VM (11.0.10+0-b96-7249189) for windows-amd64 JRE (11.0.10+0-b96-7249189), built on Mar 31 2021 21:44:00 by "builder" with MS VC++ 14.0 (VS2015)

END.
